#
# A fatal error has been detected by the Java Runtime Environment:
#
#  SIGSEGV (0xb) at pc=0x00007f6ad924cfe0, pid=6951, tid=140097754560256
#
# JRE version: Java(TM) SE Runtime Environment (8.0_31-b13) (build 1.8.0_31-b13)
# Java VM: Java HotSpot(TM) 64-Bit Server VM (25.31-b07 mixed mode linux-amd64 compressed oops)
# Problematic frame:
# C  [libX11.so.6+0x2afe0]  XDefaultScreen+0x0
#
# Failed to write core dump. Core dumps have been disabled. To enable core dumping, try "ulimit -c unlimited" before starting Java again
#
# If you would like to submit a bug report, please visit:
#   http://bugreport.java.com/bugreport/crash.jsp
# The crash happened outside the Java Virtual Machine in native code.
# See problematic frame for where to report the bug.
#

---------------  T H R E A D  ---------------

Current thread (0x00007f6b0400a800):  JavaThread "main" [_thread_in_native, id=6952, stack(0x00007f6b0cd4f000,0x00007f6b0ce50000)]

siginfo: si_signo: 11 (SIGSEGV), si_code: 1 (SEGV_MAPERR), si_addr: 0x00000000000000e0

Registers:
RAX=0x00007f6adaadbdbf, RBX=0x00007f6b0896c1e8, RCX=0x00007f6b04006890, RDX=0x0000000000000000
RSP=0x00007f6b0ce4d8e8, RBP=0x00007f6b0ce4d950, RSI=0x00007f6b0ce4d960, RDI=0x0000000000000000
R8 =0x0000000000000000, R9 =0x0000000000000009, R10=0x00007f6b0ce4d6b0, R11=0x00007f6ad924cfe0
R12=0x0000000000000000, R13=0x00007f6b0896c1e8, R14=0x00007f6b0ce4d978, R15=0x00007f6b0400a800
RIP=0x00007f6ad924cfe0, EFLAGS=0x0000000000010206, CSGSFS=0x0000000000000033, ERR=0x0000000000000004
  TRAPNO=0x000000000000000e

Top of Stack: (sp=0x00007f6b0ce4d8e8)
0x00007f6b0ce4d8e8:   00007f6adaadbdcb 00007f6b0ce4d950
0x00007f6b0ce4d8f8:   00007f6af50156d4 00007f6b0400a800
0x00007f6b0ce4d908:   00007f6af5015422 00007f6b0ce4d910
0x00007f6b0ce4d918:   00007f6b0896c1e8 00007f6b0ce4d978
0x00007f6b0ce4d928:   00007f6b089e3028 0000000000000000
0x00007f6b0ce4d938:   00007f6b0896c1e8 0000000000000000
0x00007f6b0ce4d948:   00007f6b0ce4d970 00007f6b0ce4d9c0
0x00007f6b0ce4d958:   00007f6af50073d0 00000000d71d9dd8
0x00007f6b0ce4d968:   00007f6af500f2b6 0000000000000000
0x00007f6b0ce4d978:   0000000000000001 00007f6b0ce4d980
0x00007f6b0ce4d988:   00007f6b0896c288 00007f6b0ce4d9f0
0x00007f6b0ce4d998:   00007f6b089e3028 0000000000000000
0x00007f6b0ce4d9a8:   00007f6b0896c2b8 00007f6b0ce4d970
0x00007f6b0ce4d9b8:   00007f6b0ce4d9e8 00007f6b0ce4da48
0x00007f6b0ce4d9c8:   00007f6af50073d0 0000000000000000
0x00007f6b0ce4d9d8:   0000000000000000 0000000000000000
0x00007f6b0ce4d9e8:   0000000000000000 0000000000000000
0x00007f6b0ce4d9f8:   0000000000000000 00000000d7784a78
0x00007f6b0ce4da08:   00007f6b0ce4da08 00007f6b08abef1a
0x00007f6b0ce4da18:   00007f6b0ce4daf0 00007f6b08abf5f8
0x00007f6b0ce4da28:   0000000000000000 00007f6b08abf030
0x00007f6b0ce4da38:   00007f6b0ce4d9e8 00007f6b0ce4dad8
0x00007f6b0ce4da48:   00007f6b0ce4db38 00007f6af500798d
0x00007f6b0ce4da58:   0000000000000000 0000000000000000
0x00007f6b0ce4da68:   0000000000000000 0000000000000000
0x00007f6b0ce4da78:   0000000000000000 0000000000000000
0x00007f6b0ce4da88:   0000000000000000 0000000000000000
0x00007f6b0ce4da98:   0000000000000000 0000000000000000
0x00007f6b0ce4daa8:   0000000000000000 0000000000000000
0x00007f6b0ce4dab8:   00007f6b045a4c60 0000000000000000
0x00007f6b0ce4dac8:   0000000000000005 00000000d7784ba8
0x00007f6b0ce4dad8:   00000000d776fe18 0000000000000000 

Instructions: (pc=0x00007f6ad924cfe0)
0x00007f6ad924cfc0:   48 63 f6 48 c1 e6 07 48 03 b7 e8 00 00 00 48 8b
0x00007f6ad924cfd0:   46 10 c3 66 66 66 66 2e 0f 1f 84 00 00 00 00 00
0x00007f6ad924cfe0:   8b 87 e0 00 00 00 c3 66 0f 1f 84 00 00 00 00 00
0x00007f6ad924cff0:   48 63 87 e0 00 00 00 48 c1 e0 07 48 03 87 e8 00 

Register to memory mapping:

RAX=0x00007f6adaadbdbf: Java_org_eclipse_swt_internal_gtk_OS__1XDefaultScreen+0 in /home/scavedo/.swt/lib/linux/x86_64/libswt-pi3-gtk-4427.so at 0x00007f6adaaa1000
RBX={method} {0x00007f6b0896c1e8} '_XDefaultScreen' '(J)I' in 'org/eclipse/swt/internal/gtk/OS'
RCX=0x00007f6b04006890 is an unknown value
RDX=0x0000000000000000 is an unknown value
RSP=0x00007f6b0ce4d8e8 is pointing into the stack for thread: 0x00007f6b0400a800
RBP=0x00007f6b0ce4d950 is pointing into the stack for thread: 0x00007f6b0400a800
RSI=0x00007f6b0ce4d960 is pointing into the stack for thread: 0x00007f6b0400a800
RDI=0x0000000000000000 is an unknown value
R8 =0x0000000000000000 is an unknown value
R9 =0x0000000000000009 is an unknown value
R10=0x00007f6b0ce4d6b0 is pointing into the stack for thread: 0x00007f6b0400a800
R11=0x00007f6ad924cfe0: XDefaultScreen+0 in /usr/lib/x86_64-linux-gnu/libX11.so.6 at 0x00007f6ad9222000
R12=0x0000000000000000 is an unknown value
R13={method} {0x00007f6b0896c1e8} '_XDefaultScreen' '(J)I' in 'org/eclipse/swt/internal/gtk/OS'
R14=0x00007f6b0ce4d978 is pointing into the stack for thread: 0x00007f6b0400a800
R15=0x00007f6b0400a800 is a thread


Stack: [0x00007f6b0cd4f000,0x00007f6b0ce50000],  sp=0x00007f6b0ce4d8e8,  free space=1018k
Native frames: (J=compiled Java code, j=interpreted, Vv=VM code, C=native code)
C  [libX11.so.6+0x2afe0]  XDefaultScreen+0x0
j  org.eclipse.swt.internal.gtk.OS.XDefaultScreen(J)I+8
j  org.eclipse.swt.opengl.GLCanvas.<init>(Lorg/eclipse/swt/widgets/Composite;ILorg/eclipse/swt/opengl/GLData;)V+474
j  com.ardor3d.framework.swt.SwtCanvas.<init>(Lorg/eclipse/swt/widgets/Composite;ILorg/eclipse/swt/opengl/GLData;)V+4
j  edu.gsu.psych.sosa.experiment.ExperimentCreatorGUI.createPreviewCanvas()V+30
j  edu.gsu.psych.sosa.experiment.ExperimentCreatorGUI.createCanvasComposite()V+533
j  edu.gsu.psych.sosa.experiment.ExperimentCreatorGUI.createSShell()V+92
j  edu.gsu.psych.sosa.experiment.ExperimentCreatorGUI.<init>()V+205
j  edu.gsu.psych.sosa.main.SOSAMain.setNewActiveWindow(Ledu/gsu/psych/sosa/main/SOSAMain;[Ljava/lang/Object;)V+69
j  edu.gsu.psych.sosa.main.LauncherGUI$3.widgetSelected(Lorg/eclipse/swt/events/SelectionEvent;)V+7
j  org.eclipse.swt.widgets.TypedListener.handleEvent(Lorg/eclipse/swt/widgets/Event;)V+1133
j  org.eclipse.swt.widgets.EventTable.sendEvent(Lorg/eclipse/swt/widgets/Event;)V+77
j  org.eclipse.swt.widgets.Display.sendEvent(Lorg/eclipse/swt/widgets/EventTable;Lorg/eclipse/swt/widgets/Event;)V+7
j  org.eclipse.swt.widgets.Widget.sendEvent(Lorg/eclipse/swt/widgets/Event;)V+26
j  org.eclipse.swt.widgets.Display.runDeferredEvents()Z+96
J 224 C2 org.eclipse.swt.widgets.Display.readAndDispatch()Z (73 bytes) @ 0x00007f6af51975d0 [0x00007f6af5197240+0x390]

Java frames: (J=compiled Java code, j=interpreted, Vv=VM code)
j  org.eclipse.swt.internal.gtk.OS._XDefaultScreen(J)I+0
j  org.eclipse.swt.internal.gtk.OS.XDefaultScreen(J)I+8
j  org.eclipse.swt.opengl.GLCanvas.<init>(Lorg/eclipse/swt/widgets/Composite;ILorg/eclipse/swt/opengl/GLData;)V+474
j  com.ardor3d.framework.swt.SwtCanvas.<init>(Lorg/eclipse/swt/widgets/Composite;ILorg/eclipse/swt/opengl/GLData;)V+4
j  edu.gsu.psych.sosa.experiment.ExperimentCreatorGUI.createPreviewCanvas()V+30
j  edu.gsu.psych.sosa.experiment.ExperimentCreatorGUI.createCanvasComposite()V+533
j  edu.gsu.psych.sosa.experiment.ExperimentCreatorGUI.createSShell()V+92
j  edu.gsu.psych.sosa.experiment.ExperimentCreatorGUI.<init>()V+205
j  edu.gsu.psych.sosa.main.SOSAMain.setNewActiveWindow(Ledu/gsu/psych/sosa/main/SOSAMain;[Ljava/lang/Object;)V+69
j  edu.gsu.psych.sosa.main.LauncherGUI$3.widgetSelected(Lorg/eclipse/swt/events/SelectionEvent;)V+7
j  org.eclipse.swt.widgets.TypedListener.handleEvent(Lorg/eclipse/swt/widgets/Event;)V+1133
j  org.eclipse.swt.widgets.EventTable.sendEvent(Lorg/eclipse/swt/widgets/Event;)V+77
j  org.eclipse.swt.widgets.Display.sendEvent(Lorg/eclipse/swt/widgets/EventTable;Lorg/eclipse/swt/widgets/Event;)V+7
j  org.eclipse.swt.widgets.Widget.sendEvent(Lorg/eclipse/swt/widgets/Event;)V+26
j  org.eclipse.swt.widgets.Display.runDeferredEvents()Z+96
J 224 C2 org.eclipse.swt.widgets.Display.readAndDispatch()Z (73 bytes) @ 0x00007f6af51975d0 [0x00007f6af5197240+0x390]
J 232% C2 edu.gsu.psych.sosa.main.SOSAMain.main([Ljava/lang/String;)V (137 bytes) @ 0x00007f6af519b354 [0x00007f6af519b2c0+0x94]
v  ~StubRoutines::call_stub
j  sun.reflect.NativeMethodAccessorImpl.invoke0(Ljava/lang/reflect/Method;Ljava/lang/Object;[Ljava/lang/Object;)Ljava/lang/Object;+0
j  sun.reflect.NativeMethodAccessorImpl.invoke(Ljava/lang/Object;[Ljava/lang/Object;)Ljava/lang/Object;+100
j  sun.reflect.DelegatingMethodAccessorImpl.invoke(Ljava/lang/Object;[Ljava/lang/Object;)Ljava/lang/Object;+6
j  java.lang.reflect.Method.invoke(Ljava/lang/Object;[Ljava/lang/Object;)Ljava/lang/Object;+56
j  com.intellij.rt.execution.application.AppMain.main([Ljava/lang/String;)V+163
v  ~StubRoutines::call_stub

---------------  P R O C E S S  ---------------

Java Threads: ( => current thread )
  0x00007f6b04188800 JavaThread "Monitor Ctrl-Break" daemon [_thread_in_native, id=6981, stack(0x00007f6adb1e8000,0x00007f6adb2e9000)]
  0x00007f6b040ca000 JavaThread "Service Thread" daemon [_thread_blocked, id=6973, stack(0x00007f6adb617000,0x00007f6adb718000)]
  0x00007f6b040b2000 JavaThread "C1 CompilerThread2" daemon [_thread_in_native, id=6972, stack(0x00007f6adb718000,0x00007f6adb819000)]
  0x00007f6b040b0000 JavaThread "C2 CompilerThread1" daemon [_thread_blocked, id=6971, stack(0x00007f6adb819000,0x00007f6adb91a000)]
  0x00007f6b040ad000 JavaThread "C2 CompilerThread0" daemon [_thread_blocked, id=6970, stack(0x00007f6af006e000,0x00007f6af016f000)]
  0x00007f6b040ab000 JavaThread "Signal Dispatcher" daemon [_thread_blocked, id=6969, stack(0x00007f6af016f000,0x00007f6af0270000)]
  0x00007f6b0407d800 JavaThread "Finalizer" daemon [_thread_blocked, id=6962, stack(0x00007f6af0270000,0x00007f6af0371000)]
  0x00007f6b0407b800 JavaThread "Reference Handler" daemon [_thread_blocked, id=6961, stack(0x00007f6af0371000,0x00007f6af0472000)]
=>0x00007f6b0400a800 JavaThread "main" [_thread_in_native, id=6952, stack(0x00007f6b0cd4f000,0x00007f6b0ce50000)]

Other Threads:
  0x00007f6b04076000 VMThread [stack: 0x00007f6af0472000,0x00007f6af0573000] [id=6958]
  0x00007f6b040cc000 WatcherThread [stack: 0x00007f6adb516000,0x00007f6adb617000] [id=6974]

VM state:not at safepoint (normal execution)

VM Mutex/Monitor currently owned by a thread: None

Heap:
 PSYoungGen      total 36864K, used 8103K [0x00000000d7000000, 0x00000000d9900000, 0x0000000100000000)
  eden space 31744K, 25% used [0x00000000d7000000,0x00000000d77e9c98,0x00000000d8f00000)
  from space 5120K, 0% used [0x00000000d9400000,0x00000000d9400000,0x00000000d9900000)
  to   space 5120K, 0% used [0x00000000d8f00000,0x00000000d8f00000,0x00000000d9400000)
 ParOldGen       total 84992K, used 0K [0x0000000085000000, 0x000000008a300000, 0x00000000d7000000)
  object space 84992K, 0% used [0x0000000085000000,0x0000000085000000,0x000000008a300000)
 Metaspace       used 5826K, capacity 6336K, committed 6528K, reserved 1056768K
  class space    used 595K, capacity 624K, committed 640K, reserved 1048576K

Card table byte_map: [0x00007f6b0979b000,0x00007f6b09b74000] byte_map_base: 0x00007f6b09373000

Marking Bits: (ParMarkBitMap*) 0x00007f6b0c22f2a0
 Begin Bits: [0x00007f6af1280000, 0x00007f6af3140000)
 End Bits:   [0x00007f6af3140000, 0x00007f6af5000000)

Polling page: 0x00007f6b0ce75000

CodeCache: size=245760Kb used=1692Kb max_used=1692Kb free=244067Kb
 bounds [0x00007f6af5000000, 0x00007f6af5270000, 0x00007f6b04000000]
 total_blobs=648 nmethods=255 adapters=308
 compilation: enabled

Compilation events (10 events):
Event: 2.065 Thread 0x00007f6b040b2000 nmethod 249 0x00007f6af51a11d0 code [0x00007f6af51a1320, 0x00007f6af51a1470]
Event: 2.068 Thread 0x00007f6b040b2000  250       1       org.eclipse.swt.internal.gtk.OS::VERSION (12 bytes)
Event: 2.068 Thread 0x00007f6b040b2000 nmethod 250 0x00007f6af51a0f10 code [0x00007f6af51a1060, 0x00007f6af51a1150]
Event: 2.069 Thread 0x00007f6b040b2000  251   !   3       org.eclipse.swt.internal.gtk.OS::g_object_get_qdata (36 bytes)
Event: 2.069 Thread 0x00007f6b040b2000 nmethod 251 0x00007f6af51a0990 code [0x00007f6af51a0b40, 0x00007f6af51a0dd8]
Event: 2.070 Thread 0x00007f6b040b2000  253   !   3       java.lang.StringCoding::decode (120 bytes)
Event: 2.072 Thread 0x00007f6b040b2000 nmethod 253 0x00007f6af51a2ed0 code [0x00007f6af51a3220, 0x00007f6af51a4a58]
Event: 2.072 Thread 0x00007f6b040b2000  255       3       java.util.AbstractCollection::<init> (5 bytes)
Event: 2.072 Thread 0x00007f6b040b2000 nmethod 255 0x00007f6af51a0250 code [0x00007f6af51a03c0, 0x00007f6af51a0570]
Event: 2.072 Thread 0x00007f6b040b2000  254   !   3       java.lang.StringCoding$StringDecoder::decode (179 bytes)

GC Heap History (0 events):
No events

Deoptimization events (0 events):
No events

Internal exceptions (10 events):
Event: 2.061 Thread 0x00007f6b0400a800 Exception <a 'java/security/PrivilegedActionException'> (0x00000000d7754038) thrown at [/HUDSON/workspace/8-2-build-linux-amd64/jdk8u31/2394/hotspot/src/share/vm/prims/jvm.cpp, line 1312]
Event: 2.063 Thread 0x00007f6b0400a800 Exception <a 'java/security/PrivilegedActionException'> (0x00000000d77584a8) thrown at [/HUDSON/workspace/8-2-build-linux-amd64/jdk8u31/2394/hotspot/src/share/vm/prims/jvm.cpp, line 1312]
Event: 2.065 Thread 0x00007f6b0400a800 Exception <a 'java/security/PrivilegedActionException'> (0x00000000d775ca78) thrown at [/HUDSON/workspace/8-2-build-linux-amd64/jdk8u31/2394/hotspot/src/share/vm/prims/jvm.cpp, line 1312]
Event: 2.066 Thread 0x00007f6b0400a800 Exception <a 'java/security/PrivilegedActionException'> (0x00000000d77609b0) thrown at [/HUDSON/workspace/8-2-build-linux-amd64/jdk8u31/2394/hotspot/src/share/vm/prims/jvm.cpp, line 1312]
Event: 2.067 Thread 0x00007f6b0400a800 Exception <a 'java/security/PrivilegedActionException'> (0x00000000d77645d8) thrown at [/HUDSON/workspace/8-2-build-linux-amd64/jdk8u31/2394/hotspot/src/share/vm/prims/jvm.cpp, line 1312]
Event: 2.068 Thread 0x00007f6b0400a800 Exception <a 'java/security/PrivilegedActionException'> (0x00000000d77688d8) thrown at [/HUDSON/workspace/8-2-build-linux-amd64/jdk8u31/2394/hotspot/src/share/vm/prims/jvm.cpp, line 1312]
Event: 2.069 Thread 0x00007f6b0400a800 Exception <a 'java/security/PrivilegedActionException'> (0x00000000d776c210) thrown at [/HUDSON/workspace/8-2-build-linux-amd64/jdk8u31/2394/hotspot/src/share/vm/prims/jvm.cpp, line 1312]
Event: 2.070 Thread 0x00007f6b0400a800 Exception <a 'java/security/PrivilegedActionException'> (0x00000000d7770340) thrown at [/HUDSON/workspace/8-2-build-linux-amd64/jdk8u31/2394/hotspot/src/share/vm/prims/jvm.cpp, line 1312]
Event: 2.071 Thread 0x00007f6b0400a800 Exception <a 'java/security/PrivilegedActionException'> (0x00000000d777af20) thrown at [/HUDSON/workspace/8-2-build-linux-amd64/jdk8u31/2394/hotspot/src/share/vm/prims/jvm.cpp, line 1312]
Event: 2.071 Thread 0x00007f6b0400a800 Exception <a 'java/security/PrivilegedActionException'> (0x00000000d777ea30) thrown at [/HUDSON/workspace/8-2-build-linux-amd64/jdk8u31/2394/hotspot/src/share/vm/prims/jvm.cpp, line 1312]

Events (10 events):
Event: 2.068 loading class edu/gsu/psych/sosa/experiment/ExperimentCreatorGUI$8
Event: 2.068 loading class edu/gsu/psych/sosa/experiment/ExperimentCreatorGUI$8 done
Event: 2.069 loading class org/eclipse/swt/opengl/GLData
Event: 2.069 loading class org/eclipse/swt/opengl/GLData done
Event: 2.070 loading class com/ardor3d/framework/swt/SwtCanvas
Event: 2.070 loading class com/ardor3d/framework/swt/SwtCanvas done
Event: 2.071 loading class com/ardor3d/framework/Canvas
Event: 2.071 loading class com/ardor3d/framework/Canvas done
Event: 2.071 loading class org/eclipse/swt/opengl/GLCanvas
Event: 2.071 loading class org/eclipse/swt/opengl/GLCanvas done


Dynamic libraries:
00400000-00401000 r-xp 00000000 08:01 2757385                            /usr/lib/jvm/java-8-oracle/bin/java
00600000-00601000 rw-p 00000000 08:01 2757385                            /usr/lib/jvm/java-8-oracle/bin/java
014fa000-0151b000 rw-p 00000000 00:00 0                                  [heap]
85000000-8a300000 rw-p 00000000 00:00 0 
8a300000-d7000000 ---p 00000000 00:00 0 
d7000000-d9900000 rw-p 00000000 00:00 0 
d9900000-100000000 ---p 00000000 00:00 0 
100000000-1000a0000 rw-p 00000000 00:00 0 
1000a0000-140000000 ---p 00000000 00:00 0 
7f6a94000000-7f6a94022000 rw-p 00000000 00:00 0 
7f6a94022000-7f6a98000000 ---p 00000000 00:00 0 
7f6a9c000000-7f6a9c021000 rw-p 00000000 00:00 0 
7f6a9c021000-7f6aa0000000 ---p 00000000 00:00 0 
7f6aa0000000-7f6aa0022000 rw-p 00000000 00:00 0 
7f6aa0022000-7f6aa4000000 ---p 00000000 00:00 0 
7f6aa55f3000-7f6aa55f4000 ---p 00000000 00:00 0 
7f6aa55f4000-7f6aa5df4000 rw-p 00000000 00:00 0                          [stack:6985]
7f6aa5df4000-7f6aa5df5000 ---p 00000000 00:00 0 
7f6aa5df5000-7f6aa65f5000 rw-p 00000000 00:00 0                          [stack:6984]
7f6aa65f5000-7f6aa664d000 r-xp 00000000 08:01 12329018                   /usr/lib/x86_64-linux-gnu/libibus-1.0.so.5.0.508
7f6aa664d000-7f6aa684d000 ---p 00058000 08:01 12329018                   /usr/lib/x86_64-linux-gnu/libibus-1.0.so.5.0.508
7f6aa684d000-7f6aa684f000 r--p 00058000 08:01 12329018                   /usr/lib/x86_64-linux-gnu/libibus-1.0.so.5.0.508
7f6aa684f000-7f6aa6850000 rw-p 0005a000 08:01 12329018                   /usr/lib/x86_64-linux-gnu/libibus-1.0.so.5.0.508
7f6aa6850000-7f6aa6851000 rw-p 00000000 00:00 0 
7f6aa6851000-7f6aa6858000 r-xp 00000000 08:01 12716787                   /usr/lib/x86_64-linux-gnu/gtk-3.0/3.0.0/immodules/im-ibus.so
7f6aa6858000-7f6aa6a57000 ---p 00007000 08:01 12716787                   /usr/lib/x86_64-linux-gnu/gtk-3.0/3.0.0/immodules/im-ibus.so
7f6aa6a57000-7f6aa6a58000 r--p 00006000 08:01 12716787                   /usr/lib/x86_64-linux-gnu/gtk-3.0/3.0.0/immodules/im-ibus.so
7f6aa6a58000-7f6aa6a59000 rw-p 00007000 08:01 12716787                   /usr/lib/x86_64-linux-gnu/gtk-3.0/3.0.0/immodules/im-ibus.so
7f6aa6a59000-7f6aa6aad000 r-xp 00000000 08:01 2760077                    /usr/lib/jvm/java-8-oracle/jre/lib/amd64/libawt_xawt.so
7f6aa6aad000-7f6aa6cad000 ---p 00054000 08:01 2760077                    /usr/lib/jvm/java-8-oracle/jre/lib/amd64/libawt_xawt.so
7f6aa6cad000-7f6aa6cb1000 rw-p 00054000 08:01 2760077                    /usr/lib/jvm/java-8-oracle/jre/lib/amd64/libawt_xawt.so
7f6aa6cb1000-7f6aa6cb2000 rw-p 00000000 00:00 0 
7f6aa6cb2000-7f6aa6d54000 r-xp 00000000 08:01 2760062                    /usr/lib/jvm/java-8-oracle/jre/lib/amd64/libawt.so
7f6aa6d54000-7f6aa6f54000 ---p 000a2000 08:01 2760062                    /usr/lib/jvm/java-8-oracle/jre/lib/amd64/libawt.so
7f6aa6f54000-7f6aa6f60000 rw-p 000a2000 08:01 2760062                    /usr/lib/jvm/java-8-oracle/jre/lib/amd64/libawt.so
7f6aa6f60000-7f6aa6f84000 rw-p 00000000 00:00 0 
7f6aa6f84000-7f6aa6f8d000 r-xp 00000000 08:01 3281052                    /home/scavedo/.swt/lib/linux/x86_64/libswt-cairo-gtk-4427.so
7f6aa6f8d000-7f6aa718d000 ---p 00009000 08:01 3281052                    /home/scavedo/.swt/lib/linux/x86_64/libswt-cairo-gtk-4427.so
7f6aa718d000-7f6aa718e000 rw-p 00009000 08:01 3281052                    /home/scavedo/.swt/lib/linux/x86_64/libswt-cairo-gtk-4427.so
7f6aa718e000-7f6aa7195000 r-xp 00000000 08:01 12324328                   /usr/lib/x86_64-linux-gnu/libogg.so.0.8.2
7f6aa7195000-7f6aa7395000 ---p 00007000 08:01 12324328                   /usr/lib/x86_64-linux-gnu/libogg.so.0.8.2
7f6aa7395000-7f6aa7396000 r--p 00007000 08:01 12324328                   /usr/lib/x86_64-linux-gnu/libogg.so.0.8.2
7f6aa7396000-7f6aa7397000 rw-p 00008000 08:01 12324328                   /usr/lib/x86_64-linux-gnu/libogg.so.0.8.2
7f6aa7397000-7f6aa73c3000 r-xp 00000000 08:01 12324332                   /usr/lib/x86_64-linux-gnu/libvorbis.so.0.4.5
7f6aa73c3000-7f6aa75c2000 ---p 0002c000 08:01 12324332                   /usr/lib/x86_64-linux-gnu/libvorbis.so.0.4.5
7f6aa75c2000-7f6aa75c3000 r--p 0002b000 08:01 12324332                   /usr/lib/x86_64-linux-gnu/libvorbis.so.0.4.5
7f6aa75c3000-7f6aa75c4000 rw-p 0002c000 08:01 12324332                   /usr/lib/x86_64-linux-gnu/libvorbis.so.0.4.5
7f6aa75c4000-7f6aa75cd000 r-xp 00000000 08:01 12327978                   /usr/lib/x86_64-linux-gnu/libltdl.so.7.3.0
7f6aa75cd000-7f6aa77cc000 ---p 00009000 08:01 12327978                   /usr/lib/x86_64-linux-gnu/libltdl.so.7.3.0
7f6aa77cc000-7f6aa77cd000 r--p 00008000 08:01 12327978                   /usr/lib/x86_64-linux-gnu/libltdl.so.7.3.0
7f6aa77cd000-7f6aa77ce000 rw-p 00009000 08:01 12327978                   /usr/lib/x86_64-linux-gnu/libltdl.so.7.3.0
7f6aa77ce000-7f6aa77e2000 r-xp 00000000 08:01 12324206                   /usr/lib/x86_64-linux-gnu/libtdb.so.1.3.0
7f6aa77e2000-7f6aa79e1000 ---p 00014000 08:01 12324206                   /usr/lib/x86_64-linux-gnu/libtdb.so.1.3.0
7f6aa79e1000-7f6aa79e2000 r--p 00013000 08:01 12324206                   /usr/lib/x86_64-linux-gnu/libtdb.so.1.3.0
7f6aa79e2000-7f6aa79e3000 rw-p 00014000 08:01 12324206                   /usr/lib/x86_64-linux-gnu/libtdb.so.1.3.0
7f6aa79e3000-7f6aa79ea000 r-xp 00000000 08:01 12324330                   /usr/lib/x86_64-linux-gnu/libvorbisfile.so.3.3.4
7f6aa79ea000-7f6aa7be9000 ---p 00007000 08:01 12324330                   /usr/lib/x86_64-linux-gnu/libvorbisfile.so.3.3.4
7f6aa7be9000-7f6aa7bea000 r--p 00006000 08:01 12324330                   /usr/lib/x86_64-linux-gnu/libvorbisfile.so.3.3.4
7f6aa7bea000-7f6aa7beb000 rw-p 00007000 08:01 12324330                   /usr/lib/x86_64-linux-gnu/libvorbisfile.so.3.3.4
7f6aa7beb000-7f6aa7bfa000 r-xp 00000000 08:01 12327431                   /usr/lib/x86_64-linux-gnu/libcanberra.so.0.2.5
7f6aa7bfa000-7f6aa7df9000 ---p 0000f000 08:01 12327431                   /usr/lib/x86_64-linux-gnu/libcanberra.so.0.2.5
7f6aa7df9000-7f6aa7dfa000 r--p 0000e000 08:01 12327431                   /usr/lib/x86_64-linux-gnu/libcanberra.so.0.2.5
7f6aa7dfa000-7f6aa7dfb000 rw-p 0000f000 08:01 12327431                   /usr/lib/x86_64-linux-gnu/libcanberra.so.0.2.5
7f6aa7dfb000-7f6aa7dff000 r-xp 00000000 08:01 12327433                   /usr/lib/x86_64-linux-gnu/libcanberra-gtk3.so.0.1.9
7f6aa7dff000-7f6aa7ffe000 ---p 00004000 08:01 12327433                   /usr/lib/x86_64-linux-gnu/libcanberra-gtk3.so.0.1.9
7f6aa7ffe000-7f6aa7fff000 r--p 00003000 08:01 12327433                   /usr/lib/x86_64-linux-gnu/libcanberra-gtk3.so.0.1.9
7f6aa7fff000-7f6aa8000000 rw-p 00004000 08:01 12327433                   /usr/lib/x86_64-linux-gnu/libcanberra-gtk3.so.0.1.9
7f6aa8000000-7f6aa8021000 rw-p 00000000 00:00 0 
7f6aa8021000-7f6aac000000 ---p 00000000 00:00 0 
7f6aac1b8000-7f6aac1bd000 r-xp 00000000 08:01 12717005                   /usr/lib/x86_64-linux-gnu/gtk-3.0/modules/libcanberra-gtk3-module.so
7f6aac1bd000-7f6aac3bc000 ---p 00005000 08:01 12717005                   /usr/lib/x86_64-linux-gnu/gtk-3.0/modules/libcanberra-gtk3-module.so
7f6aac3bc000-7f6aac3bd000 r--p 00004000 08:01 12717005                   /usr/lib/x86_64-linux-gnu/gtk-3.0/modules/libcanberra-gtk3-module.so
7f6aac3bd000-7f6aac3be000 rw-p 00005000 08:01 12717005                   /usr/lib/x86_64-linux-gnu/gtk-3.0/modules/libcanberra-gtk3-module.so
7f6aac3be000-7f6aac3f4000 r-xp 00000000 08:01 12716237                   /usr/lib/x86_64-linux-gnu/gvfs/libgvfscommon.so
7f6aac3f4000-7f6aac5f4000 ---p 00036000 08:01 12716237                   /usr/lib/x86_64-linux-gnu/gvfs/libgvfscommon.so
7f6aac5f4000-7f6aac5f9000 r--p 00036000 08:01 12716237                   /usr/lib/x86_64-linux-gnu/gvfs/libgvfscommon.so
7f6aac5f9000-7f6aac5fa000 rw-p 0003b000 08:01 12716237                   /usr/lib/x86_64-linux-gnu/gvfs/libgvfscommon.so
7f6aac5fa000-7f6aac62a000 r-xp 00000000 08:01 12715704                   /usr/lib/x86_64-linux-gnu/gio/modules/libgvfsdbus.so
7f6aac62a000-7f6aac82a000 ---p 00030000 08:01 12715704                   /usr/lib/x86_64-linux-gnu/gio/modules/libgvfsdbus.so
7f6aac82a000-7f6aac82b000 r--p 00030000 08:01 12715704                   /usr/lib/x86_64-linux-gnu/gio/modules/libgvfsdbus.so
7f6aac82b000-7f6aac82c000 rw-p 00031000 08:01 12715704                   /usr/lib/x86_64-linux-gnu/gio/modules/libgvfsdbus.so
7f6aac82c000-7f6aac82d000 rw-p 00000000 00:00 0 
7f6aac82d000-7f6aac82e000 ---p 00000000 00:00 0 
7f6aac82e000-7f6aad02e000 rw-p 00000000 00:00 0                          [stack:6983]
7f6aad02e000-7f6aad02f000 ---p 00000000 00:00 0 
7f6aad02f000-7f6aad82f000 rw-p 00000000 00:00 0                          [stack:6982]
7f6aad82f000-7f6aad83a000 r-xp 00000000 08:01 12716772                   /usr/lib/x86_64-linux-gnu/gio/modules/libdconfsettings.so
7f6aad83a000-7f6aada3a000 ---p 0000b000 08:01 12716772                   /usr/lib/x86_64-linux-gnu/gio/modules/libdconfsettings.so
7f6aada3a000-7f6aada3b000 r--p 0000b000 08:01 12716772                   /usr/lib/x86_64-linux-gnu/gio/modules/libdconfsettings.so
7f6aada3b000-7f6aada3c000 rw-p 0000c000 08:01 12716772                   /usr/lib/x86_64-linux-gnu/gio/modules/libdconfsettings.so
7f6aada3c000-7f6aada4c000 r-xp 00000000 08:01 12323127                   /usr/lib/x86_64-linux-gnu/libunity-gtk3-parser.so.0.0.0
7f6aada4c000-7f6aadc4b000 ---p 00010000 08:01 12323127                   /usr/lib/x86_64-linux-gnu/libunity-gtk3-parser.so.0.0.0
7f6aadc4b000-7f6aadc4c000 r--p 0000f000 08:01 12323127                   /usr/lib/x86_64-linux-gnu/libunity-gtk3-parser.so.0.0.0
7f6aadc4c000-7f6aadc4d000 rw-p 00010000 08:01 12323127                   /usr/lib/x86_64-linux-gnu/libunity-gtk3-parser.so.0.0.0
7f6aadc4d000-7f6aadc52000 r-xp 00000000 08:01 12713999                   /usr/lib/x86_64-linux-gnu/gtk-3.0/modules/libunity-gtk-module.so
7f6aadc52000-7f6aade51000 ---p 00005000 08:01 12713999                   /usr/lib/x86_64-linux-gnu/gtk-3.0/modules/libunity-gtk-module.so
7f6aade51000-7f6aade52000 r--p 00004000 08:01 12713999                   /usr/lib/x86_64-linux-gnu/gtk-3.0/modules/libunity-gtk-module.so
7f6aade52000-7f6aade53000 rw-p 00005000 08:01 12713999                   /usr/lib/x86_64-linux-gnu/gtk-3.0/modules/libunity-gtk-module.so
7f6aade53000-7f6aade65000 r-xp 00000000 08:01 12721045                   /usr/lib/x86_64-linux-gnu/gtk-3.0/modules/liboverlay-scrollbar.so
7f6aade65000-7f6aae064000 ---p 00012000 08:01 12721045                   /usr/lib/x86_64-linux-gnu/gtk-3.0/modules/liboverlay-scrollbar.so
7f6aae064000-7f6aae065000 r--p 00011000 08:01 12721045                   /usr/lib/x86_64-linux-gnu/gtk-3.0/modules/liboverlay-scrollbar.so
7f6aae065000-7f6aae066000 rw-p 00012000 08:01 12721045                   /usr/lib/x86_64-linux-gnu/gtk-3.0/modules/liboverlay-scrollbar.so
7f6aae066000-7f6aae07b000 r-xp 00000000 08:01 12322975                   /usr/lib/x86_64-linux-gnu/libboost_filesystem.so.1.55.0
7f6aae07b000-7f6aae27a000 ---p 00015000 08:01 12322975                   /usr/lib/x86_64-linux-gnu/libboost_filesystem.so.1.55.0
7f6aae27a000-7f6aae27b000 r--p 00014000 08:01 12322975                   /usr/lib/x86_64-linux-gnu/libboost_filesystem.so.1.55.0
7f6aae27b000-7f6aae27c000 rw-p 00015000 08:01 12322975                   /usr/lib/x86_64-linux-gnu/libboost_filesystem.so.1.55.0
7f6aae27c000-7f6aae28c000 r-xp 00000000 08:01 4194352                    /lib/x86_64-linux-gnu/libudev.so.1.4.0
7f6aae28c000-7f6aae48c000 ---p 00010000 08:01 4194352                    /lib/x86_64-linux-gnu/libudev.so.1.4.0
7f6aae48c000-7f6aae48d000 r--p 00010000 08:01 4194352                    /lib/x86_64-linux-gnu/libudev.so.1.4.0
7f6aae48d000-7f6aae48e000 rw-p 00011000 08:01 4194352                    /lib/x86_64-linux-gnu/libudev.so.1.4.0
7f6aae48e000-7f6aae494000 r-xp 00000000 08:01 12328956                   /usr/lib/x86_64-linux-gnu/libdatrie.so.1.3.1
7f6aae494000-7f6aae693000 ---p 00006000 08:01 12328956                   /usr/lib/x86_64-linux-gnu/libdatrie.so.1.3.1
7f6aae693000-7f6aae694000 r--p 00005000 08:01 12328956                   /usr/lib/x86_64-linux-gnu/libdatrie.so.1.3.1
7f6aae694000-7f6aae695000 rw-p 00006000 08:01 12328956                   /usr/lib/x86_64-linux-gnu/libdatrie.so.1.3.1
7f6aae695000-7f6aae6af000 r-xp 00000000 08:01 12327561                   /usr/lib/x86_64-linux-gnu/libgraphite2.so.3.0.1
7f6aae6af000-7f6aae8ae000 ---p 0001a000 08:01 12327561                   /usr/lib/x86_64-linux-gnu/libgraphite2.so.3.0.1
7f6aae8ae000-7f6aae8b0000 r--p 00019000 08:01 12327561                   /usr/lib/x86_64-linux-gnu/libgraphite2.so.3.0.1
7f6aae8b0000-7f6aae8b1000 rw-p 0001b000 08:01 12327561                   /usr/lib/x86_64-linux-gnu/libgraphite2.so.3.0.1
7f6aae8b1000-7f6aae8b6000 r-xp 00000000 08:01 12329906                   /usr/lib/x86_64-linux-gnu/libXdmcp.so.6.0.0
7f6aae8b6000-7f6aaeab5000 ---p 00005000 08:01 12329906                   /usr/lib/x86_64-linux-gnu/libXdmcp.so.6.0.0
7f6aaeab5000-7f6aaeab6000 r--p 00004000 08:01 12329906                   /usr/lib/x86_64-linux-gnu/libXdmcp.so.6.0.0
7f6aaeab6000-7f6aaeab7000 rw-p 00005000 08:01 12329906                   /usr/lib/x86_64-linux-gnu/libXdmcp.so.6.0.0
7f6aaeab7000-7f6aaeab9000 r-xp 00000000 08:01 12328753                   /usr/lib/x86_64-linux-gnu/libXau.so.6.0.0
7f6aaeab9000-7f6aaecb9000 ---p 00002000 08:01 12328753                   /usr/lib/x86_64-linux-gnu/libXau.so.6.0.0
7f6aaecb9000-7f6aaecba000 r--p 00002000 08:01 12328753                   /usr/lib/x86_64-linux-gnu/libXau.so.6.0.0
7f6aaecba000-7f6aaecbb000 rw-p 00003000 08:01 12328753                   /usr/lib/x86_64-linux-gnu/libXau.so.6.0.0
7f6aaecbb000-7f6aaecd1000 r-xp 00000000 08:01 4194393                    /lib/x86_64-linux-gnu/libgcc_s.so.1
7f6aaecd1000-7f6aaeed0000 ---p 00016000 08:01 4194393                    /lib/x86_64-linux-gnu/libgcc_s.so.1
7f6aaeed0000-7f6aaeed1000 r--p 00015000 08:01 4194393                    /lib/x86_64-linux-gnu/libgcc_s.so.1
7f6aaeed1000-7f6aaeed2000 rw-p 00016000 08:01 4194393                    /lib/x86_64-linux-gnu/libgcc_s.so.1
7f6aaeed2000-7f6aaefc2000 r-xp 00000000 08:01 12321211                   /usr/lib/x86_64-linux-gnu/libstdc++.so.6.0.20
7f6aaefc2000-7f6aaf1c2000 ---p 000f0000 08:01 12321211                   /usr/lib/x86_64-linux-gnu/libstdc++.so.6.0.20
7f6aaf1c2000-7f6aaf1ca000 r--p 000f0000 08:01 12321211                   /usr/lib/x86_64-linux-gnu/libstdc++.so.6.0.20
7f6aaf1ca000-7f6aaf1cc000 rw-p 000f8000 08:01 12321211                   /usr/lib/x86_64-linux-gnu/libstdc++.so.6.0.20
7f6aaf1cc000-7f6aaf1e1000 rw-p 00000000 00:00 0 
7f6aaf1e1000-7f6aaf2df000 r-xp 00000000 08:01 12329530                   /usr/lib/x86_64-linux-gnu/libprotobuf.so.8.0.0
7f6aaf2df000-7f6aaf4de000 ---p 000fe000 08:01 12329530                   /usr/lib/x86_64-linux-gnu/libprotobuf.so.8.0.0
7f6aaf4de000-7f6aaf4e2000 r--p 000fd000 08:01 12329530                   /usr/lib/x86_64-linux-gnu/libprotobuf.so.8.0.0
7f6aaf4e2000-7f6aaf4e3000 rw-p 00101000 08:01 12329530                   /usr/lib/x86_64-linux-gnu/libprotobuf.so.8.0.0
7f6aaf4e3000-7f6aaf4e6000 r-xp 00000000 08:01 12320959                   /usr/lib/x86_64-linux-gnu/libboost_system.so.1.55.0
7f6aaf4e6000-7f6aaf6e5000 ---p 00003000 08:01 12320959                   /usr/lib/x86_64-linux-gnu/libboost_system.so.1.55.0
7f6aaf6e5000-7f6aaf6e6000 r--p 00002000 08:01 12320959                   /usr/lib/x86_64-linux-gnu/libboost_system.so.1.55.0
7f6aaf6e6000-7f6aaf6e7000 rw-p 00003000 08:01 12320959                   /usr/lib/x86_64-linux-gnu/libboost_system.so.1.55.0
7f6aaf6e7000-7f6aaf76b000 r-xp 00000000 08:01 12322979                   /usr/lib/x86_64-linux-gnu/libmircommon.so.2
7f6aaf76b000-7f6aaf96a000 ---p 00084000 08:01 12322979                   /usr/lib/x86_64-linux-gnu/libmircommon.so.2
7f6aaf96a000-7f6aaf96f000 r--p 00083000 08:01 12322979                   /usr/lib/x86_64-linux-gnu/libmircommon.so.2
7f6aaf96f000-7f6aaf970000 rw-p 00088000 08:01 12322979                   /usr/lib/x86_64-linux-gnu/libmircommon.so.2
7f6aaf970000-7f6aaf9dc000 r-xp 00000000 08:01 4195273                    /lib/x86_64-linux-gnu/libpcre.so.3.13.1
7f6aaf9dc000-7f6aafbdb000 ---p 0006c000 08:01 4195273                    /lib/x86_64-linux-gnu/libpcre.so.3.13.1
7f6aafbdb000-7f6aafbdc000 r--p 0006b000 08:01 4195273                    /lib/x86_64-linux-gnu/libpcre.so.3.13.1
7f6aafbdc000-7f6aafbdd000 rw-p 0006c000 08:01 4195273                    /lib/x86_64-linux-gnu/libpcre.so.3.13.1
7f6aafbdd000-7f6aafbe4000 r-xp 00000000 08:01 12323331                   /usr/lib/x86_64-linux-gnu/libffi.so.6.0.2
7f6aafbe4000-7f6aafde3000 ---p 00007000 08:01 12323331                   /usr/lib/x86_64-linux-gnu/libffi.so.6.0.2
7f6aafde3000-7f6aafde4000 r--p 00006000 08:01 12323331                   /usr/lib/x86_64-linux-gnu/libffi.so.6.0.2
7f6aafde4000-7f6aafde5000 rw-p 00007000 08:01 12323331                   /usr/lib/x86_64-linux-gnu/libffi.so.6.0.2
7f6aafde5000-7f6aafdfc000 r-xp 00000000 08:01 4195419                    /lib/x86_64-linux-gnu/libresolv-2.19.so
7f6aafdfc000-7f6aafffc000 ---p 00017000 08:01 4195419                    /lib/x86_64-linux-gnu/libresolv-2.19.so
7f6aafffc000-7f6aafffd000 r--p 00017000 08:01 4195419                    /lib/x86_64-linux-gnu/libresolv-2.19.so
7f6aafffd000-7f6aafffe000 rw-p 00018000 08:01 4195419                    /lib/x86_64-linux-gnu/libresolv-2.19.so
7f6aafffe000-7f6ab0000000 rw-p 00000000 00:00 0 
7f6ab0000000-7f6ab0021000 rw-p 00000000 00:00 0 
7f6ab0021000-7f6ab4000000 ---p 00000000 00:00 0 
7f6ab4073000-7f6ab40c5000 r--p 00000000 08:01 13370590                   /usr/share/fonts/truetype/dejavu/DejaVuSansMono.ttf
7f6ab40c5000-7f6ab411c000 r--p 00000000 08:01 13370753                   /usr/share/fonts/truetype/ubuntu-font-family/Ubuntu-R.ttf
7f6ab411c000-7f6ab413d000 r-xp 00000000 08:01 4195272                    /lib/x86_64-linux-gnu/libselinux.so.1
7f6ab413d000-7f6ab433c000 ---p 00021000 08:01 4195272                    /lib/x86_64-linux-gnu/libselinux.so.1
7f6ab433c000-7f6ab433d000 r--p 00020000 08:01 4195272                    /lib/x86_64-linux-gnu/libselinux.so.1
7f6ab433d000-7f6ab433e000 rw-p 00021000 08:01 4195272                    /lib/x86_64-linux-gnu/libselinux.so.1
7f6ab433e000-7f6ab4340000 rw-p 00000000 00:00 0 
7f6ab4340000-7f6ab4366000 r-xp 00000000 08:01 4194379                    /lib/x86_64-linux-gnu/libexpat.so.1.6.0
7f6ab4366000-7f6ab4565000 ---p 00026000 08:01 4194379                    /lib/x86_64-linux-gnu/libexpat.so.1.6.0
7f6ab4565000-7f6ab4568000 r--p 00025000 08:01 4194379                    /lib/x86_64-linux-gnu/libexpat.so.1.6.0
7f6ab4568000-7f6ab4569000 rw-p 00028000 08:01 4194379                    /lib/x86_64-linux-gnu/libexpat.so.1.6.0
7f6ab4569000-7f6ab4571000 r-xp 00000000 08:01 12329681                   /usr/lib/x86_64-linux-gnu/libthai.so.0.2.0
7f6ab4571000-7f6ab4770000 ---p 00008000 08:01 12329681                   /usr/lib/x86_64-linux-gnu/libthai.so.0.2.0
7f6ab4770000-7f6ab4771000 r--p 00007000 08:01 12329681                   /usr/lib/x86_64-linux-gnu/libthai.so.0.2.0
7f6ab4771000-7f6ab4772000 rw-p 00008000 08:01 12329681                   /usr/lib/x86_64-linux-gnu/libthai.so.0.2.0
7f6ab4772000-7f6ab47c6000 r-xp 00000000 08:01 12327563                   /usr/lib/x86_64-linux-gnu/libharfbuzz.so.0.935.0
7f6ab47c6000-7f6ab49c6000 ---p 00054000 08:01 12327563                   /usr/lib/x86_64-linux-gnu/libharfbuzz.so.0.935.0
7f6ab49c6000-7f6ab49c8000 r--p 00054000 08:01 12327563                   /usr/lib/x86_64-linux-gnu/libharfbuzz.so.0.935.0
7f6ab49c8000-7f6ab49c9000 rw-p 00056000 08:01 12327563                   /usr/lib/x86_64-linux-gnu/libharfbuzz.so.0.935.0
7f6ab49c9000-7f6ab4a0f000 r-xp 00000000 08:01 4194333                    /lib/x86_64-linux-gnu/libdbus-1.so.3.8.7
7f6ab4a0f000-7f6ab4c0e000 ---p 00046000 08:01 4194333                    /lib/x86_64-linux-gnu/libdbus-1.so.3.8.7
7f6ab4c0e000-7f6ab4c10000 r--p 00045000 08:01 4194333                    /lib/x86_64-linux-gnu/libdbus-1.so.3.8.7
7f6ab4c10000-7f6ab4c11000 rw-p 00047000 08:01 4194333                    /lib/x86_64-linux-gnu/libdbus-1.so.3.8.7
7f6ab4c11000-7f6ab4c3d000 r-xp 00000000 08:01 12323089                   /usr/lib/x86_64-linux-gnu/libatspi.so.0.0.1
7f6ab4c3d000-7f6ab4e3d000 ---p 0002c000 08:01 12323089                   /usr/lib/x86_64-linux-gnu/libatspi.so.0.0.1
7f6ab4e3d000-7f6ab4e41000 r--p 0002c000 08:01 12323089                   /usr/lib/x86_64-linux-gnu/libatspi.so.0.0.1
7f6ab4e41000-7f6ab4e42000 rw-p 00030000 08:01 12323089                   /usr/lib/x86_64-linux-gnu/libatspi.so.0.0.1
7f6ab4e42000-7f6ab4e5a000 r-xp 00000000 08:01 4198423                    /lib/x86_64-linux-gnu/libz.so.1.2.8
7f6ab4e5a000-7f6ab5059000 ---p 00018000 08:01 4198423                    /lib/x86_64-linux-gnu/libz.so.1.2.8
7f6ab5059000-7f6ab505a000 r--p 00017000 08:01 4198423                    /lib/x86_64-linux-gnu/libz.so.1.2.8
7f6ab505a000-7f6ab505b000 rw-p 00018000 08:01 4198423                    /lib/x86_64-linux-gnu/libz.so.1.2.8
7f6ab505b000-7f6ab5064000 r-xp 00000000 08:01 12328788                   /usr/lib/x86_64-linux-gnu/libXrender.so.1.3.0
7f6ab5064000-7f6ab5263000 ---p 00009000 08:01 12328788                   /usr/lib/x86_64-linux-gnu/libXrender.so.1.3.0
7f6ab5263000-7f6ab5264000 r--p 00008000 08:01 12328788                   /usr/lib/x86_64-linux-gnu/libXrender.so.1.3.0
7f6ab5264000-7f6ab5265000 rw-p 00009000 08:01 12328788                   /usr/lib/x86_64-linux-gnu/libXrender.so.1.3.0
7f6ab5265000-7f6ab5282000 r-xp 00000000 08:01 12329821                   /usr/lib/x86_64-linux-gnu/libxcb.so.1.1.0
7f6ab5282000-7f6ab5482000 ---p 0001d000 08:01 12329821                   /usr/lib/x86_64-linux-gnu/libxcb.so.1.1.0
7f6ab5482000-7f6ab5483000 r--p 0001d000 08:01 12329821                   /usr/lib/x86_64-linux-gnu/libxcb.so.1.1.0
7f6ab5483000-7f6ab5484000 rw-p 0001e000 08:01 12329821                   /usr/lib/x86_64-linux-gnu/libxcb.so.1.1.0
7f6ab5484000-7f6ab548c000 r-xp 00000000 08:01 12329807                   /usr/lib/x86_64-linux-gnu/libxcb-render.so.0.0.0
7f6ab548c000-7f6ab568b000 ---p 00008000 08:01 12329807                   /usr/lib/x86_64-linux-gnu/libxcb-render.so.0.0.0
7f6ab568b000-7f6ab568c000 r--p 00007000 08:01 12329807                   /usr/lib/x86_64-linux-gnu/libxcb-render.so.0.0.0
7f6ab568c000-7f6ab568d000 rw-p 00008000 08:01 12329807                   /usr/lib/x86_64-linux-gnu/libxcb-render.so.0.0.0
7f6ab568d000-7f6ab568f000 r-xp 00000000 08:01 12329811                   /usr/lib/x86_64-linux-gnu/libxcb-shm.so.0.0.0
7f6ab568f000-7f6ab588e000 ---p 00002000 08:01 12329811                   /usr/lib/x86_64-linux-gnu/libxcb-shm.so.0.0.0
7f6ab588e000-7f6ab588f000 r--p 00001000 08:01 12329811                   /usr/lib/x86_64-linux-gnu/libxcb-shm.so.0.0.0
7f6ab588f000-7f6ab5890000 rw-p 00002000 08:01 12329811                   /usr/lib/x86_64-linux-gnu/libxcb-shm.so.0.0.0
7f6ab5890000-7f6ab58b5000 r-xp 00000000 08:01 4195491                    /lib/x86_64-linux-gnu/libpng12.so.0.51.0
7f6ab58b5000-7f6ab5ab4000 ---p 00025000 08:01 4195491                    /lib/x86_64-linux-gnu/libpng12.so.0.51.0
7f6ab5ab4000-7f6ab5ab5000 r--p 00024000 08:01 4195491                    /lib/x86_64-linux-gnu/libpng12.so.0.51.0
7f6ab5ab5000-7f6ab5ab6000 rw-p 00025000 08:01 4195491                    /lib/x86_64-linux-gnu/libpng12.so.0.51.0
7f6ab5ab6000-7f6ab5b58000 r-xp 00000000 08:01 12329516                   /usr/lib/x86_64-linux-gnu/libfreetype.so.6.11.1
7f6ab5b58000-7f6ab5d57000 ---p 000a2000 08:01 12329516                   /usr/lib/x86_64-linux-gnu/libfreetype.so.6.11.1
7f6ab5d57000-7f6ab5d5d000 r--p 000a1000 08:01 12329516                   /usr/lib/x86_64-linux-gnu/libfreetype.so.6.11.1
7f6ab5d5d000-7f6ab5d5e000 rw-p 000a7000 08:01 12329516                   /usr/lib/x86_64-linux-gnu/libfreetype.so.6.11.1
7f6ab5d5e000-7f6ab5e01000 r-xp 00000000 08:01 12330137                   /usr/lib/x86_64-linux-gnu/libpixman-1.so.0.32.4
7f6ab5e01000-7f6ab6001000 ---p 000a3000 08:01 12330137                   /usr/lib/x86_64-linux-gnu/libpixman-1.so.0.32.4
7f6ab6001000-7f6ab6008000 r--p 000a3000 08:01 12330137                   /usr/lib/x86_64-linux-gnu/libpixman-1.so.0.32.4
7f6ab6008000-7f6ab6009000 rw-p 000aa000 08:01 12330137                   /usr/lib/x86_64-linux-gnu/libpixman-1.so.0.32.4
7f6ab6009000-7f6ab601a000 r-xp 00000000 08:01 12328766                   /usr/lib/x86_64-linux-gnu/libXext.so.6.4.0
7f6ab601a000-7f6ab6219000 ---p 00011000 08:01 12328766                   /usr/lib/x86_64-linux-gnu/libXext.so.6.4.0
7f6ab6219000-7f6ab621a000 r--p 00010000 08:01 12328766                   /usr/lib/x86_64-linux-gnu/libXext.so.6.4.0
7f6ab621a000-7f6ab621b000 rw-p 00011000 08:01 12328766                   /usr/lib/x86_64-linux-gnu/libXext.so.6.4.0
7f6ab621b000-7f6ab6277000 r-xp 00000000 08:01 12323182                   /usr/lib/x86_64-linux-gnu/libmirclient.so.8
7f6ab6277000-7f6ab6476000 ---p 0005c000 08:01 12323182                   /usr/lib/x86_64-linux-gnu/libmirclient.so.8
7f6ab6476000-7f6ab647a000 r--p 0005b000 08:01 12323182                   /usr/lib/x86_64-linux-gnu/libmirclient.so.8
7f6ab647a000-7f6ab647b000 rw-p 0005f000 08:01 12323182                   /usr/lib/x86_64-linux-gnu/libmirclient.so.8
7f6ab647b000-7f6ab647f000 r-xp 00000000 08:01 12329762                   /usr/lib/x86_64-linux-gnu/libwayland-cursor.so.0.0.0
7f6ab647f000-7f6ab667e000 ---p 00004000 08:01 12329762                   /usr/lib/x86_64-linux-gnu/libwayland-cursor.so.0.0.0
7f6ab667e000-7f6ab667f000 r--p 00003000 08:01 12329762                   /usr/lib/x86_64-linux-gnu/libwayland-cursor.so.0.0.0
7f6ab667f000-7f6ab6683000 rw-p 00004000 08:01 12329762                   /usr/lib/x86_64-linux-gnu/libwayland-cursor.so.0.0.0
7f6ab6683000-7f6ab66bc000 r-xp 00000000 08:01 12322976                   /usr/lib/x86_64-linux-gnu/libxkbcommon.so.0.0.0
7f6ab66bc000-7f6ab68bb000 ---p 00039000 08:01 12322976                   /usr/lib/x86_64-linux-gnu/libxkbcommon.so.0.0.0
7f6ab68bb000-7f6ab68bd000 r--p 00038000 08:01 12322976                   /usr/lib/x86_64-linux-gnu/libxkbcommon.so.0.0.0
7f6ab68bd000-7f6ab68be000 rw-p 0003a000 08:01 12322976                   /usr/lib/x86_64-linux-gnu/libxkbcommon.so.0.0.0
7f6ab68be000-7f6ab68c9000 r-xp 00000000 08:01 12329347                   /usr/lib/x86_64-linux-gnu/libwayland-client.so.0.2.0
7f6ab68c9000-7f6ab6ac9000 ---p 0000b000 08:01 12329347                   /usr/lib/x86_64-linux-gnu/libwayland-client.so.0.2.0
7f6ab6ac9000-7f6ab6acb000 r--p 0000b000 08:01 12329347                   /usr/lib/x86_64-linux-gnu/libwayland-client.so.0.2.0
7f6ab6acb000-7f6ab6acc000 rw-p 0000d000 08:01 12329347                   /usr/lib/x86_64-linux-gnu/libwayland-client.so.0.2.0
7f6ab6acc000-7f6ab6ace000 r-xp 00000000 08:01 12329764                   /usr/lib/x86_64-linux-gnu/libXdamage.so.1.1.0
7f6ab6ace000-7f6ab6ccd000 ---p 00002000 08:01 12329764                   /usr/lib/x86_64-linux-gnu/libXdamage.so.1.1.0
7f6ab6ccd000-7f6ab6cce000 r--p 00001000 08:01 12329764                   /usr/lib/x86_64-linux-gnu/libXdamage.so.1.1.0
7f6ab6cce000-7f6ab6ccf000 rw-p 00002000 08:01 12329764                   /usr/lib/x86_64-linux-gnu/libXdamage.so.1.1.0
7f6ab6ccf000-7f6ab6cd1000 r-xp 00000000 08:01 12328758                   /usr/lib/x86_64-linux-gnu/libXcomposite.so.1.0.0
7f6ab6cd1000-7f6ab6ed0000 ---p 00002000 08:01 12328758                   /usr/lib/x86_64-linux-gnu/libXcomposite.so.1.0.0
7f6ab6ed0000-7f6ab6ed1000 r--p 00001000 08:01 12328758                   /usr/lib/x86_64-linux-gnu/libXcomposite.so.1.0.0
7f6ab6ed1000-7f6ab6ed2000 rw-p 00002000 08:01 12328758                   /usr/lib/x86_64-linux-gnu/libXcomposite.so.1.0.0
7f6ab6ed2000-7f6ab6edb000 r-xp 00000000 08:01 12328760                   /usr/lib/x86_64-linux-gnu/libXcursor.so.1.0.2
7f6ab6edb000-7f6ab70da000 ---p 00009000 08:01 12328760                   /usr/lib/x86_64-linux-gnu/libXcursor.so.1.0.2
7f6ab70da000-7f6ab70db000 r--p 00008000 08:01 12328760                   /usr/lib/x86_64-linux-gnu/libXcursor.so.1.0.2
7f6ab70db000-7f6ab70dc000 rw-p 00009000 08:01 12328760                   /usr/lib/x86_64-linux-gnu/libXcursor.so.1.0.2
7f6ab70dc000-7f6ab70e5000 r-xp 00000000 08:01 12328786                   /usr/lib/x86_64-linux-gnu/libXrandr.so.2.2.0
7f6ab70e5000-7f6ab72e4000 ---p 00009000 08:01 12328786                   /usr/lib/x86_64-linux-gnu/libXrandr.so.2.2.0
7f6ab72e4000-7f6ab72e5000 r--p 00008000 08:01 12328786                   /usr/lib/x86_64-linux-gnu/libXrandr.so.2.2.0
7f6ab72e5000-7f6ab72e6000 rw-p 00009000 08:01 12328786                   /usr/lib/x86_64-linux-gnu/libXrandr.so.2.2.0
7f6ab72e6000-7f6ab72e8000 r-xp 00000000 08:01 12328776                   /usr/lib/x86_64-linux-gnu/libXinerama.so.1.0.0
7f6ab72e8000-7f6ab74e7000 ---p 00002000 08:01 12328776                   /usr/lib/x86_64-linux-gnu/libXinerama.so.1.0.0
7f6ab74e7000-7f6ab74e8000 r--p 00001000 08:01 12328776                   /usr/lib/x86_64-linux-gnu/libXinerama.so.1.0.0
7f6ab74e8000-7f6ab74e9000 rw-p 00002000 08:01 12328776                   /usr/lib/x86_64-linux-gnu/libXinerama.so.1.0.0
7f6ab74e9000-7f6ab75f5000 r-xp 00000000 08:01 4194394                    /lib/x86_64-linux-gnu/libglib-2.0.so.0.4200.1
7f6ab75f5000-7f6ab77f5000 ---p 0010c000 08:01 4194394                    /lib/x86_64-linux-gnu/libglib-2.0.so.0.4200.1
7f6ab77f5000-7f6ab77f6000 r--p 0010c000 08:01 4194394                    /lib/x86_64-linux-gnu/libglib-2.0.so.0.4200.1
7f6ab77f6000-7f6ab77f7000 rw-p 0010d000 08:01 4194394                    /lib/x86_64-linux-gnu/libglib-2.0.so.0.4200.1
7f6ab77f7000-7f6ab77f8000 rw-p 00000000 00:00 0 
7f6ab77f8000-7f6ab7848000 r-xp 00000000 08:01 12324636                   /usr/lib/x86_64-linux-gnu/libgobject-2.0.so.0.4200.1
7f6ab7848000-7f6ab7a48000 ---p 00050000 08:01 12324636                   /usr/lib/x86_64-linux-gnu/libgobject-2.0.so.0.4200.1
7f6ab7a48000-7f6ab7a49000 r--p 00050000 08:01 12324636                   /usr/lib/x86_64-linux-gnu/libgobject-2.0.so.0.4200.1
7f6ab7a49000-7f6ab7a4a000 rw-p 00051000 08:01 12324636                   /usr/lib/x86_64-linux-gnu/libgobject-2.0.so.0.4200.1
7f6ab7a4a000-7f6ab7bbb000 r-xp 00000000 08:01 12324637                   /usr/lib/x86_64-linux-gnu/libgio-2.0.so.0.4200.1
7f6ab7bbb000-7f6ab7dbb000 ---p 00171000 08:01 12324637                   /usr/lib/x86_64-linux-gnu/libgio-2.0.so.0.4200.1
7f6ab7dbb000-7f6ab7dbf000 r--p 00171000 08:01 12324637                   /usr/lib/x86_64-linux-gnu/libgio-2.0.so.0.4200.1
7f6ab7dbf000-7f6ab7dc1000 rw-p 00175000 08:01 12324637                   /usr/lib/x86_64-linux-gnu/libgio-2.0.so.0.4200.1
7f6ab7dc1000-7f6ab7dc3000 rw-p 00000000 00:00 0 
7f6ab7dc3000-7f6ab7dfe000 r-xp 00000000 08:01 12321975                   /usr/lib/x86_64-linux-gnu/libfontconfig.so.1.8.0
7f6ab7dfe000-7f6ab7ffd000 ---p 0003b000 08:01 12321975                   /usr/lib/x86_64-linux-gnu/libfontconfig.so.1.8.0
7f6ab7ffd000-7f6ab7fff000 r--p 0003a000 08:01 12321975                   /usr/lib/x86_64-linux-gnu/libfontconfig.so.1.8.0
7f6ab7fff000-7f6ab8000000 rw-p 0003c000 08:01 12321975                   /usr/lib/x86_64-linux-gnu/libfontconfig.so.1.8.0
7f6ab8000000-7f6ab8021000 rw-p 00000000 00:00 0 
7f6ab8021000-7f6abc000000 ---p 00000000 00:00 0 
7f6abc000000-7f6abc021000 rw-p 00000000 00:00 0 
7f6abc021000-7f6ac0000000 ---p 00000000 00:00 0 
7f6ac0000000-7f6ac0101000 rw-p 00000000 00:00 0 
7f6ac0101000-7f6ac4000000 ---p 00000000 00:00 0 
7f6ac4000000-7f6ac41b7000 rw-p 00000000 00:00 0 
7f6ac41b7000-7f6ac8000000 ---p 00000000 00:00 0 
7f6ac8000000-7f6ac80a0000 rw-p 00000000 00:00 0 
7f6ac80a0000-7f6acc000000 ---p 00000000 00:00 0 
7f6acc000000-7f6acc021000 rw-p 00000000 00:00 0 
7f6acc021000-7f6ad0000000 ---p 00000000 00:00 0 
7f6ad0000000-7f6ad0021000 rw-p 00000000 00:00 0 
7f6ad0021000-7f6ad4000000 ---p 00000000 00:00 0 
7f6ad4000000-7f6ad4021000 rw-p 00000000 00:00 0 
7f6ad4021000-7f6ad8000000 ---p 00000000 00:00 0 
7f6ad8013000-7f6ad802f000 r--s 00393000 08:01 2886188                    /usr/lib/jvm/java-8-oracle/jre/lib/ext/cldrdata.jar
7f6ad802f000-7f6ad803a000 r--s 00116000 08:01 2886195                    /usr/lib/jvm/java-8-oracle/jre/lib/ext/localedata.jar
7f6ad803a000-7f6ad803b000 r--s 00000000 08:01 3147351                    /var/cache/fontconfig/c05880de57d1f5e948fdfacc138775d9-le64.cache-4
7f6ad803b000-7f6ad8046000 r--s 00000000 08:01 3147224                    /var/cache/fontconfig/945677eb7aeaf62f1d50efc3fb3ec7d8-le64.cache-4
7f6ad8046000-7f6ad8048000 r--s 00000000 08:01 3152016                    /var/cache/fontconfig/99e8ed0e538f840c565b6ed5dad60d56-le64.cache-4
7f6ad8048000-7f6ad8051000 r--s 00000000 08:01 3152013                    /var/cache/fontconfig/a6d8cf8e4ec09cdbc8633c31745a07dd-le64.cache-4
7f6ad8051000-7f6ad8057000 r--s 00000000 08:01 3147338                    /var/cache/fontconfig/2cd17615ca594fa2959ae173292e504c-le64.cache-4
7f6ad8057000-7f6ad8058000 r--s 00000000 08:01 3147337                    /var/cache/fontconfig/e7071f4a29fa870f4323321c154eba04-le64.cache-4
7f6ad8058000-7f6ad8059000 r--s 00000000 08:01 3147336                    /var/cache/fontconfig/0d8c3b2ac0904cb8a57a757ad11a4a08-le64.cache-4
7f6ad8059000-7f6ad8060000 r--s 00000000 08:01 3147335                    /var/cache/fontconfig/a755afe4a08bf5b97852ceb7400b47bc-le64.cache-4
7f6ad8060000-7f6ad8064000 r--s 00000000 08:01 3170901                    /var/cache/fontconfig/6d41288fd70b0be22e8c3a91e032eec0-le64.cache-4
7f6ad8064000-7f6ad8065000 r--s 00000000 08:01 3147333                    /var/cache/fontconfig/1ac9eb803944fde146138c791f5cc56a-le64.cache-4
7f6ad8065000-7f6ad8069000 r--s 00000000 08:01 3147332                    /var/cache/fontconfig/385c0604a188198f04d133e54aba7fe7-le64.cache-4
7f6ad8069000-7f6ad806b000 r--s 00000000 08:01 3147330                    /var/cache/fontconfig/767a8244fc0220cfb567a839d0392e0b-le64.cache-4
7f6ad806b000-7f6ad8070000 r--s 00000000 08:01 3147325                    /var/cache/fontconfig/8801497958630a81b71ace7c5f9b32a8-le64.cache-4
7f6ad8070000-7f6ad80ab000 r--s 00000000 08:01 3147260                    /var/cache/fontconfig/365b55f210c0a22e9a19e35191240f32-le64.cache-4
7f6ad80ab000-7f6ad80b2000 r--s 00000000 08:01 3147314                    /var/cache/fontconfig/3047814df9a2f067bd2d96a2b9c36e5a-le64.cache-4
7f6ad80b2000-7f6ad80b8000 r--s 00000000 08:01 3147308                    /var/cache/fontconfig/b47c4e1ecd0709278f4910c18777a504-le64.cache-4
7f6ad80b8000-7f6ad80c1000 r--s 00000000 08:01 3152012                    /var/cache/fontconfig/52f7bdb7ce746bfd7eaa1985bd9cfa93-le64.cache-4
7f6ad80c1000-7f6ad80d4000 r--s 00000000 08:01 3147303                    /var/cache/fontconfig/d52a8644073d54c13679302ca1180695-le64.cache-4
7f6ad80d4000-7f6ad80e9000 r--s 00000000 08:01 3147289                    /var/cache/fontconfig/da82082e1ef13c4097208324d67c180c-le64.cache-4
7f6ad80e9000-7f6ad812a000 r--p 00000000 08:01 12714793                   /usr/share/glib-2.0/schemas/gschemas.compiled
7f6ad812a000-7f6ad8175000 r-xp 00000000 08:01 12328020                   /usr/lib/x86_64-linux-gnu/libpango-1.0.so.0.3600.6
7f6ad8175000-7f6ad8375000 ---p 0004b000 08:01 12328020                   /usr/lib/x86_64-linux-gnu/libpango-1.0.so.0.3600.6
7f6ad8375000-7f6ad8377000 r--p 0004b000 08:01 12328020                   /usr/lib/x86_64-linux-gnu/libpango-1.0.so.0.3600.6
7f6ad8377000-7f6ad8378000 rw-p 0004d000 08:01 12328020                   /usr/lib/x86_64-linux-gnu/libpango-1.0.so.0.3600.6
7f6ad8378000-7f6ad838c000 r-xp 00000000 08:01 12328025                   /usr/lib/x86_64-linux-gnu/libpangoft2-1.0.so.0.3600.6
7f6ad838c000-7f6ad858c000 ---p 00014000 08:01 12328025                   /usr/lib/x86_64-linux-gnu/libpangoft2-1.0.so.0.3600.6
7f6ad858c000-7f6ad858d000 r--p 00014000 08:01 12328025                   /usr/lib/x86_64-linux-gnu/libpangoft2-1.0.so.0.3600.6
7f6ad858d000-7f6ad858e000 rw-p 00015000 08:01 12328025                   /usr/lib/x86_64-linux-gnu/libpangoft2-1.0.so.0.3600.6
7f6ad858e000-7f6ad85ba000 r-xp 00000000 08:01 12322851                   /usr/lib/x86_64-linux-gnu/libatk-bridge-2.0.so.0.0.0
7f6ad85ba000-7f6ad87ba000 ---p 0002c000 08:01 12322851                   /usr/lib/x86_64-linux-gnu/libatk-bridge-2.0.so.0.0.0
7f6ad87ba000-7f6ad87bb000 r--p 0002c000 08:01 12322851                   /usr/lib/x86_64-linux-gnu/libatk-bridge-2.0.so.0.0.0
7f6ad87bb000-7f6ad87bd000 rw-p 0002d000 08:01 12322851                   /usr/lib/x86_64-linux-gnu/libatk-bridge-2.0.so.0.0.0
7f6ad87bd000-7f6ad87df000 r-xp 00000000 08:01 12323183                   /usr/lib/x86_64-linux-gnu/libatk-1.0.so.0.21209.1
7f6ad87df000-7f6ad89de000 ---p 00022000 08:01 12323183                   /usr/lib/x86_64-linux-gnu/libatk-1.0.so.0.21209.1
7f6ad89de000-7f6ad89e1000 r--p 00021000 08:01 12323183                   /usr/lib/x86_64-linux-gnu/libatk-1.0.so.0.21209.1
7f6ad89e1000-7f6ad89e2000 rw-p 00024000 08:01 12323183                   /usr/lib/x86_64-linux-gnu/libatk-1.0.so.0.21209.1
7f6ad89e2000-7f6ad8a01000 r-xp 00000000 08:01 12329100                   /usr/lib/x86_64-linux-gnu/libgdk_pixbuf-2.0.so.0.3000.8
7f6ad8a01000-7f6ad8c01000 ---p 0001f000 08:01 12329100                   /usr/lib/x86_64-linux-gnu/libgdk_pixbuf-2.0.so.0.3000.8
7f6ad8c01000-7f6ad8c02000 r--p 0001f000 08:01 12329100                   /usr/lib/x86_64-linux-gnu/libgdk_pixbuf-2.0.so.0.3000.8
7f6ad8c02000-7f6ad8c03000 rw-p 00020000 08:01 12329100                   /usr/lib/x86_64-linux-gnu/libgdk_pixbuf-2.0.so.0.3000.8
7f6ad8c03000-7f6ad8c0a000 r-xp 00000000 08:01 12328882                   /usr/lib/x86_64-linux-gnu/libcairo-gobject.so.2.11301.0
7f6ad8c0a000-7f6ad8e09000 ---p 00007000 08:01 12328882                   /usr/lib/x86_64-linux-gnu/libcairo-gobject.so.2.11301.0
7f6ad8e09000-7f6ad8e0b000 r--p 00006000 08:01 12328882                   /usr/lib/x86_64-linux-gnu/libcairo-gobject.so.2.11301.0
7f6ad8e0b000-7f6ad8e0c000 rw-p 00008000 08:01 12328882                   /usr/lib/x86_64-linux-gnu/libcairo-gobject.so.2.11301.0
7f6ad8e0c000-7f6ad8e11000 r-xp 00000000 08:01 12322049                   /usr/lib/x86_64-linux-gnu/libXfixes.so.3.1.0
7f6ad8e11000-7f6ad9010000 ---p 00005000 08:01 12322049                   /usr/lib/x86_64-linux-gnu/libXfixes.so.3.1.0
7f6ad9010000-7f6ad9011000 r--p 00004000 08:01 12322049                   /usr/lib/x86_64-linux-gnu/libXfixes.so.3.1.0
7f6ad9011000-7f6ad9012000 rw-p 00005000 08:01 12322049                   /usr/lib/x86_64-linux-gnu/libXfixes.so.3.1.0
7f6ad9012000-7f6ad9021000 r-xp 00000000 08:01 12323009                   /usr/lib/x86_64-linux-gnu/libXi.so.6.1.0
7f6ad9021000-7f6ad9220000 ---p 0000f000 08:01 12323009                   /usr/lib/x86_64-linux-gnu/libXi.so.6.1.0
7f6ad9220000-7f6ad9221000 r--p 0000e000 08:01 12323009                   /usr/lib/x86_64-linux-gnu/libXi.so.6.1.0
7f6ad9221000-7f6ad9222000 rw-p 0000f000 08:01 12323009                   /usr/lib/x86_64-linux-gnu/libXi.so.6.1.0
7f6ad9222000-7f6ad9355000 r-xp 00000000 08:01 12321846                   /usr/lib/x86_64-linux-gnu/libX11.so.6.3.0
7f6ad9355000-7f6ad9555000 ---p 00133000 08:01 12321846                   /usr/lib/x86_64-linux-gnu/libX11.so.6.3.0
7f6ad9555000-7f6ad9556000 r--p 00133000 08:01 12321846                   /usr/lib/x86_64-linux-gnu/libX11.so.6.3.0
7f6ad9556000-7f6ad955a000 rw-p 00134000 08:01 12321846                   /usr/lib/x86_64-linux-gnu/libX11.so.6.3.0
7f6ad955a000-7f6ad955b000 rw-p 00000000 00:00 0 
7f6ad955b000-7f6ad9567000 r-xp 00000000 08:01 12328017                   /usr/lib/x86_64-linux-gnu/libpangocairo-1.0.so.0.3600.6
7f6ad9567000-7f6ad9766000 ---p 0000c000 08:01 12328017                   /usr/lib/x86_64-linux-gnu/libpangocairo-1.0.so.0.3600.6
7f6ad9766000-7f6ad9767000 r--p 0000b000 08:01 12328017                   /usr/lib/x86_64-linux-gnu/libpangocairo-1.0.so.0.3600.6
7f6ad9767000-7f6ad9768000 rw-p 0000c000 08:01 12328017                   /usr/lib/x86_64-linux-gnu/libpangocairo-1.0.so.0.3600.6
7f6ad9768000-7f6ad976b000 r-xp 00000000 08:01 12324638                   /usr/lib/x86_64-linux-gnu/libgmodule-2.0.so.0.4200.1
7f6ad976b000-7f6ad996a000 ---p 00003000 08:01 12324638                   /usr/lib/x86_64-linux-gnu/libgmodule-2.0.so.0.4200.1
7f6ad996a000-7f6ad996b000 r--p 00002000 08:01 12324638                   /usr/lib/x86_64-linux-gnu/libgmodule-2.0.so.0.4200.1
7f6ad996b000-7f6ad996c000 rw-p 00003000 08:01 12324638                   /usr/lib/x86_64-linux-gnu/libgmodule-2.0.so.0.4200.1
7f6ad996c000-7f6ad9971000 r-xp 00000000 08:01 12328794                   /usr/lib/x86_64-linux-gnu/libXtst.so.6.1.0
7f6ad9971000-7f6ad9b70000 ---p 00005000 08:01 12328794                   /usr/lib/x86_64-linux-gnu/libXtst.so.6.1.0
7f6ad9b70000-7f6ad9b71000 r--p 00004000 08:01 12328794                   /usr/lib/x86_64-linux-gnu/libXtst.so.6.1.0
7f6ad9b71000-7f6ad9b72000 rw-p 00005000 08:01 12328794                   /usr/lib/x86_64-linux-gnu/libXtst.so.6.1.0
7f6ad9b72000-7f6ad9b73000 r-xp 00000000 08:01 12324635                   /usr/lib/x86_64-linux-gnu/libgthread-2.0.so.0.4200.1
7f6ad9b73000-7f6ad9d72000 ---p 00001000 08:01 12324635                   /usr/lib/x86_64-linux-gnu/libgthread-2.0.so.0.4200.1
7f6ad9d72000-7f6ad9d73000 r--p 00000000 08:01 12324635                   /usr/lib/x86_64-linux-gnu/libgthread-2.0.so.0.4200.1
7f6ad9d73000-7f6ad9d74000 rw-p 00001000 08:01 12324635                   /usr/lib/x86_64-linux-gnu/libgthread-2.0.so.0.4200.1
7f6ad9d74000-7f6ad9e7a000 r-xp 00000000 08:01 12328884                   /usr/lib/x86_64-linux-gnu/libcairo.so.2.11301.0
7f6ad9e7a000-7f6ada079000 ---p 00106000 08:01 12328884                   /usr/lib/x86_64-linux-gnu/libcairo.so.2.11301.0
7f6ada079000-7f6ada07c000 r--p 00105000 08:01 12328884                   /usr/lib/x86_64-linux-gnu/libcairo.so.2.11301.0
7f6ada07c000-7f6ada07d000 rw-p 00108000 08:01 12328884                   /usr/lib/x86_64-linux-gnu/libcairo.so.2.11301.0
7f6ada07d000-7f6ada07f000 rw-p 00000000 00:00 0 
7f6ada07f000-7f6ada12e000 r-xp 00000000 08:01 12329992                   /usr/lib/x86_64-linux-gnu/libgdk-3.so.0.1200.2
7f6ada12e000-7f6ada32e000 ---p 000af000 08:01 12329992                   /usr/lib/x86_64-linux-gnu/libgdk-3.so.0.1200.2
7f6ada32e000-7f6ada332000 r--p 000af000 08:01 12329992                   /usr/lib/x86_64-linux-gnu/libgdk-3.so.0.1200.2
7f6ada332000-7f6ada334000 rw-p 000b3000 08:01 12329992                   /usr/lib/x86_64-linux-gnu/libgdk-3.so.0.1200.2
7f6ada334000-7f6ada335000 rw-p 00000000 00:00 0 
7f6ada335000-7f6ada86d000 r-xp 00000000 08:01 12321841                   /usr/lib/x86_64-linux-gnu/libgtk-3.so.0.1200.2
7f6ada86d000-7f6adaa6d000 ---p 00538000 08:01 12321841                   /usr/lib/x86_64-linux-gnu/libgtk-3.so.0.1200.2
7f6adaa6d000-7f6adaa76000 r--p 00538000 08:01 12321841                   /usr/lib/x86_64-linux-gnu/libgtk-3.so.0.1200.2
7f6adaa76000-7f6adaa7c000 rw-p 00541000 08:01 12321841                   /usr/lib/x86_64-linux-gnu/libgtk-3.so.0.1200.2
7f6adaa7c000-7f6adaa7f000 rw-p 00000000 00:00 0 
7f6adaa7f000-7f6adaa80000 r--s 00000000 08:01 3147331                    /var/cache/fontconfig/dc05db6664285cc2f12bf69c139ae4c3-le64.cache-4
7f6adaa80000-7f6adaa81000 r--s 00000000 08:01 3150343                    /var/cache/fontconfig/4794a0821666d79190d59a36cb4f44b5-le64.cache-4
7f6adaa81000-7f6adaa82000 r--s 00000000 08:01 3147311                    /var/cache/fontconfig/56cf4f4769d0f4abc89a4895d7bd3ae1-le64.cache-4
7f6adaa82000-7f6adaa83000 r--s 00000000 08:01 3147309                    /var/cache/fontconfig/b9d506c9ac06c20b433354fa67a72993-le64.cache-4
7f6adaa83000-7f6adaa8c000 r--s 00000000 08:01 3147299                    /var/cache/fontconfig/3f7329c5293ffd510edef78f73874cfd-le64.cache-4
7f6adaa8c000-7f6adaa90000 r--s 00000000 08:01 3169277                    /var/cache/fontconfig/d589a48862398ed80a3d6066f4f56f4c-le64.cache-4
7f6adaa90000-7f6adaa9d000 r--s 00000000 08:01 3170892                    /var/cache/fontconfig/e13b20fdb08344e0e664864cc2ede53d-le64.cache-4
7f6adaa9d000-7f6adaaa1000 r--s 00000000 08:01 3156831                    /var/cache/fontconfig/7ef2298fde41cc6eeb7af42e48b7d293-le64.cache-4
7f6adaaa1000-7f6adab15000 r-xp 00000000 08:01 3281046                    /home/scavedo/.swt/lib/linux/x86_64/libswt-pi3-gtk-4427.so
7f6adab15000-7f6adad14000 ---p 00074000 08:01 3281046                    /home/scavedo/.swt/lib/linux/x86_64/libswt-pi3-gtk-4427.so
7f6adad14000-7f6adad17000 rw-p 00073000 08:01 3281046                    /home/scavedo/.swt/lib/linux/x86_64/libswt-pi3-gtk-4427.so
7f6adad17000-7f6adad19000 rw-p 00000000 00:00 0 
7f6adad19000-7f6adad97000 r-xp 00000000 08:01 3280992                    /home/scavedo/.swt/lib/linux/x86_64/libswt-gtk-4427.so
7f6adad97000-7f6adaf96000 ---p 0007e000 08:01 3280992                    /home/scavedo/.swt/lib/linux/x86_64/libswt-gtk-4427.so
7f6adaf96000-7f6adaf9e000 rw-p 0007d000 08:01 3280992                    /home/scavedo/.swt/lib/linux/x86_64/libswt-gtk-4427.so
7f6adaf9e000-7f6adafd1000 rw-p 00000000 00:00 0 
7f6adafd1000-7f6adafe7000 r-xp 00000000 08:01 2760070                    /usr/lib/jvm/java-8-oracle/jre/lib/amd64/libnet.so
7f6adafe7000-7f6adb1e7000 ---p 00016000 08:01 2760070                    /usr/lib/jvm/java-8-oracle/jre/lib/amd64/libnet.so
7f6adb1e7000-7f6adb1e8000 rw-p 00016000 08:01 2760070                    /usr/lib/jvm/java-8-oracle/jre/lib/amd64/libnet.so
7f6adb1e8000-7f6adb1eb000 ---p 00000000 00:00 0 
7f6adb1eb000-7f6adb2e9000 rw-p 00000000 00:00 0                          [stack:6981]
7f6adb2e9000-7f6adb2ea000 r-xp 00000000 08:01 10357868                   /opt/idea-IU-139.225.3/bin/libbreakgen64.so
7f6adb2ea000-7f6adb4e9000 ---p 00001000 08:01 10357868                   /opt/idea-IU-139.225.3/bin/libbreakgen64.so
7f6adb4e9000-7f6adb4ea000 r--p 00000000 08:01 10357868                   /opt/idea-IU-139.225.3/bin/libbreakgen64.so
7f6adb4ea000-7f6adb4eb000 rw-p 00001000 08:01 10357868                   /opt/idea-IU-139.225.3/bin/libbreakgen64.so
7f6adb4eb000-7f6adb516000 r--s 001fc000 08:01 9705497                    /home/scavedo/Documents/SOSA Eclipse/lib/guava-18.0.jar
7f6adb516000-7f6adb517000 ---p 00000000 00:00 0 
7f6adb517000-7f6adb617000 rw-p 00000000 00:00 0                          [stack:6974]
7f6adb617000-7f6adb61a000 ---p 00000000 00:00 0 
7f6adb61a000-7f6adb718000 rw-p 00000000 00:00 0                          [stack:6973]
7f6adb718000-7f6adb71b000 ---p 00000000 00:00 0 
7f6adb71b000-7f6adb819000 rw-p 00000000 00:00 0                          [stack:6972]
7f6adb819000-7f6adb81c000 ---p 00000000 00:00 0 
7f6adb81c000-7f6adb91a000 rw-p 00000000 00:00 0                          [stack:6971]
7f6adb91a000-7f6adc000000 r--p 00000000 08:01 12327750                   /usr/lib/locale/locale-archive
7f6adc000000-7f6adc021000 rw-p 00000000 00:00 0 
7f6adc021000-7f6ae0000000 ---p 00000000 00:00 0 
7f6ae0000000-7f6ae0021000 rw-p 00000000 00:00 0 
7f6ae0021000-7f6ae4000000 ---p 00000000 00:00 0 
7f6ae4000000-7f6ae4021000 rw-p 00000000 00:00 0 
7f6ae4021000-7f6ae8000000 ---p 00000000 00:00 0 
7f6ae8000000-7f6ae8021000 rw-p 00000000 00:00 0 
7f6ae8021000-7f6aec000000 ---p 00000000 00:00 0 
7f6aec000000-7f6aec021000 rw-p 00000000 00:00 0 
7f6aec021000-7f6af0000000 ---p 00000000 00:00 0 
7f6af0000000-7f6af0001000 r--s 00000000 08:01 3147296                    /var/cache/fontconfig/0c9eb80ebd1c36541ebe2852d3bb0c49-le64.cache-4
7f6af0001000-7f6af0007000 r--p 00000000 08:01 9440295                    /home/scavedo/.config/dconf/user
7f6af0007000-7f6af0008000 r--s 00000000 00:15 187510                     /run/user/1000/dconf/user
7f6af0008000-7f6af0009000 r--p 00000000 08:01 13241307                   /usr/share/locale-langpack/en/LC_MESSAGES/gtk30.mo
7f6af0009000-7f6af000b000 r--s 00016000 08:01 10358248                   /opt/idea-IU-139.225.3/lib/idea_rt.jar
7f6af000b000-7f6af001a000 r--s 000f3000 08:01 9705386                    /home/scavedo/Documents/SOSA Eclipse/lib/lwjgl-2.9.3/jar/lwjgl.jar
7f6af001a000-7f6af001b000 r--s 00005000 08:01 9705495                    /home/scavedo/Documents/SOSA Eclipse/lib/ardor3d-swt-0.7.jar
7f6af001b000-7f6af001e000 r--s 00025000 08:01 9705496                    /home/scavedo/Documents/SOSA Eclipse/lib/ardor3d-lwjgl-0.7.jar
7f6af001e000-7f6af002d000 r--s 00110000 08:01 9705493                    /home/scavedo/Documents/SOSA Eclipse/lib/ardor3d-core-0.7.jar
7f6af002d000-7f6af0042000 r--s 001bc000 08:01 9705370                    /home/scavedo/Documents/SOSA Eclipse/lib/swt/swt.jar
7f6af0042000-7f6af0055000 r--s 000d5000 08:01 2760000                    /usr/lib/jvm/java-8-oracle/jre/lib/plugin.jar
7f6af0055000-7f6af006e000 r--s 001ec000 08:01 2759974                    /usr/lib/jvm/java-8-oracle/jre/lib/deploy.jar
7f6af006e000-7f6af0071000 ---p 00000000 00:00 0 
7f6af0071000-7f6af016f000 rw-p 00000000 00:00 0                          [stack:6970]
7f6af016f000-7f6af0172000 ---p 00000000 00:00 0 
7f6af0172000-7f6af0270000 rw-p 00000000 00:00 0                          [stack:6969]
7f6af0270000-7f6af0273000 ---p 00000000 00:00 0 
7f6af0273000-7f6af0371000 rw-p 00000000 00:00 0                          [stack:6962]
7f6af0371000-7f6af0374000 ---p 00000000 00:00 0 
7f6af0374000-7f6af0472000 rw-p 00000000 00:00 0                          [stack:6961]
7f6af0472000-7f6af0473000 ---p 00000000 00:00 0 
7f6af0473000-7f6af5000000 rw-p 00000000 00:00 0                          [stack:6958]
7f6af5000000-7f6af5270000 rwxp 00000000 00:00 0 
7f6af5270000-7f6b04000000 ---p 00000000 00:00 0 
7f6b04000000-7f6b047e2000 rw-p 00000000 00:00 0 
7f6b047e2000-7f6b08000000 ---p 00000000 00:00 0 
7f6b08000000-7f6b08002000 r--s 0001a000 08:01 2760087                    /usr/lib/jvm/java-8-oracle/jre/lib/jce.jar
7f6b08002000-7f6b0800c000 r--s 00069000 08:01 2759984                    /usr/lib/jvm/java-8-oracle/jre/lib/javaws.jar
7f6b0800c000-7f6b0800e000 r--s 00007000 08:01 2760089                    /usr/lib/jvm/java-8-oracle/jre/lib/jfxswt.jar
7f6b0800e000-7f6b082e3000 rw-p 00000000 00:00 0 
7f6b082e3000-7f6b084b9000 r--s 03cae000 08:01 2760016                    /usr/lib/jvm/java-8-oracle/jre/lib/rt.jar
7f6b084b9000-7f6b08aef000 rw-p 00000000 00:00 0 
7f6b08aef000-7f6b08d2f000 ---p 00000000 00:00 0 
7f6b08d2f000-7f6b09107000 rw-p 00000000 00:00 0 
7f6b09107000-7f6b09108000 ---p 00000000 00:00 0 
7f6b09108000-7f6b09208000 rw-p 00000000 00:00 0                          [stack:6956]
7f6b09208000-7f6b09209000 ---p 00000000 00:00 0 
7f6b09209000-7f6b09309000 rw-p 00000000 00:00 0                          [stack:6955]
7f6b09309000-7f6b0930a000 ---p 00000000 00:00 0 
7f6b0930a000-7f6b0940a000 rw-p 00000000 00:00 0                          [stack:6954]
7f6b0940a000-7f6b0940b000 ---p 00000000 00:00 0 
7f6b0940b000-7f6b09535000 rw-p 00000000 00:00 0                          [stack:6953]
7f6b09535000-7f6b0979b000 ---p 00000000 00:00 0 
7f6b0979b000-7f6b097c5000 rw-p 00000000 00:00 0 
7f6b097c5000-7f6b09a2b000 ---p 00000000 00:00 0 
7f6b09a2b000-7f6b09a40000 rw-p 00000000 00:00 0 
7f6b09a40000-7f6b09b73000 ---p 00000000 00:00 0 
7f6b09b73000-7f6b09b7e000 rw-p 00000000 00:00 0 
7f6b09b7e000-7f6b09f34000 ---p 00000000 00:00 0 
7f6b09f34000-7f6b09f4e000 r-xp 00000000 08:01 2760065                    /usr/lib/jvm/java-8-oracle/jre/lib/amd64/libzip.so
7f6b09f4e000-7f6b0a14e000 ---p 0001a000 08:01 2760065                    /usr/lib/jvm/java-8-oracle/jre/lib/amd64/libzip.so
7f6b0a14e000-7f6b0a14f000 rw-p 0001a000 08:01 2760065                    /usr/lib/jvm/java-8-oracle/jre/lib/amd64/libzip.so
7f6b0a14f000-7f6b0a15a000 r-xp 00000000 08:01 4195437                    /lib/x86_64-linux-gnu/libnss_files-2.19.so
7f6b0a15a000-7f6b0a359000 ---p 0000b000 08:01 4195437                    /lib/x86_64-linux-gnu/libnss_files-2.19.so
7f6b0a359000-7f6b0a35a000 r--p 0000a000 08:01 4195437                    /lib/x86_64-linux-gnu/libnss_files-2.19.so
7f6b0a35a000-7f6b0a35b000 rw-p 0000b000 08:01 4195437                    /lib/x86_64-linux-gnu/libnss_files-2.19.so
7f6b0a35b000-7f6b0a366000 r-xp 00000000 08:01 4194383                    /lib/x86_64-linux-gnu/libnss_nis-2.19.so
7f6b0a366000-7f6b0a565000 ---p 0000b000 08:01 4194383                    /lib/x86_64-linux-gnu/libnss_nis-2.19.so
7f6b0a565000-7f6b0a566000 r--p 0000a000 08:01 4194383                    /lib/x86_64-linux-gnu/libnss_nis-2.19.so
7f6b0a566000-7f6b0a567000 rw-p 0000b000 08:01 4194383                    /lib/x86_64-linux-gnu/libnss_nis-2.19.so
7f6b0a567000-7f6b0a57e000 r-xp 00000000 08:01 4195439                    /lib/x86_64-linux-gnu/libnsl-2.19.so
7f6b0a57e000-7f6b0a77d000 ---p 00017000 08:01 4195439                    /lib/x86_64-linux-gnu/libnsl-2.19.so
7f6b0a77d000-7f6b0a77e000 r--p 00016000 08:01 4195439                    /lib/x86_64-linux-gnu/libnsl-2.19.so
7f6b0a77e000-7f6b0a77f000 rw-p 00017000 08:01 4195439                    /lib/x86_64-linux-gnu/libnsl-2.19.so
7f6b0a77f000-7f6b0a781000 rw-p 00000000 00:00 0 
7f6b0a781000-7f6b0a78a000 r-xp 00000000 08:01 4195432                    /lib/x86_64-linux-gnu/libnss_compat-2.19.so
7f6b0a78a000-7f6b0a989000 ---p 00009000 08:01 4195432                    /lib/x86_64-linux-gnu/libnss_compat-2.19.so
7f6b0a989000-7f6b0a98a000 r--p 00008000 08:01 4195432                    /lib/x86_64-linux-gnu/libnss_compat-2.19.so
7f6b0a98a000-7f6b0a98b000 rw-p 00009000 08:01 4195432                    /lib/x86_64-linux-gnu/libnss_compat-2.19.so
7f6b0a98b000-7f6b0a9b5000 r-xp 00000000 08:01 2760060                    /usr/lib/jvm/java-8-oracle/jre/lib/amd64/libjava.so
7f6b0a9b5000-7f6b0abb5000 ---p 0002a000 08:01 2760060                    /usr/lib/jvm/java-8-oracle/jre/lib/amd64/libjava.so
7f6b0abb5000-7f6b0abb7000 rw-p 0002a000 08:01 2760060                    /usr/lib/jvm/java-8-oracle/jre/lib/amd64/libjava.so
7f6b0abb7000-7f6b0abc4000 r-xp 00000000 08:01 2760064                    /usr/lib/jvm/java-8-oracle/jre/lib/amd64/libverify.so
7f6b0abc4000-7f6b0adc4000 ---p 0000d000 08:01 2760064                    /usr/lib/jvm/java-8-oracle/jre/lib/amd64/libverify.so
7f6b0adc4000-7f6b0adc6000 rw-p 0000d000 08:01 2760064                    /usr/lib/jvm/java-8-oracle/jre/lib/amd64/libverify.so
7f6b0adc6000-7f6b0adcd000 r-xp 00000000 08:01 4195435                    /lib/x86_64-linux-gnu/librt-2.19.so
7f6b0adcd000-7f6b0afcc000 ---p 00007000 08:01 4195435                    /lib/x86_64-linux-gnu/librt-2.19.so
7f6b0afcc000-7f6b0afcd000 r--p 00006000 08:01 4195435                    /lib/x86_64-linux-gnu/librt-2.19.so
7f6b0afcd000-7f6b0afce000 rw-p 00007000 08:01 4195435                    /lib/x86_64-linux-gnu/librt-2.19.so
7f6b0afce000-7f6b0b0d3000 r-xp 00000000 08:01 4195436                    /lib/x86_64-linux-gnu/libm-2.19.so
7f6b0b0d3000-7f6b0b2d2000 ---p 00105000 08:01 4195436                    /lib/x86_64-linux-gnu/libm-2.19.so
7f6b0b2d2000-7f6b0b2d3000 r--p 00104000 08:01 4195436                    /lib/x86_64-linux-gnu/libm-2.19.so
7f6b0b2d3000-7f6b0b2d4000 rw-p 00105000 08:01 4195436                    /lib/x86_64-linux-gnu/libm-2.19.so
7f6b0b2d4000-7f6b0bf42000 r-xp 00000000 08:01 2886295                    /usr/lib/jvm/java-8-oracle/jre/lib/amd64/server/libjvm.so
7f6b0bf42000-7f6b0c141000 ---p 00c6e000 08:01 2886295                    /usr/lib/jvm/java-8-oracle/jre/lib/amd64/server/libjvm.so
7f6b0c141000-7f6b0c217000 rw-p 00c6d000 08:01 2886295                    /usr/lib/jvm/java-8-oracle/jre/lib/amd64/server/libjvm.so
7f6b0c217000-7f6b0c25a000 rw-p 00000000 00:00 0 
7f6b0c25a000-7f6b0c414000 r-xp 00000000 08:01 4195440                    /lib/x86_64-linux-gnu/libc-2.19.so
7f6b0c414000-7f6b0c614000 ---p 001ba000 08:01 4195440                    /lib/x86_64-linux-gnu/libc-2.19.so
7f6b0c614000-7f6b0c618000 r--p 001ba000 08:01 4195440                    /lib/x86_64-linux-gnu/libc-2.19.so
7f6b0c618000-7f6b0c61a000 rw-p 001be000 08:01 4195440                    /lib/x86_64-linux-gnu/libc-2.19.so
7f6b0c61a000-7f6b0c61f000 rw-p 00000000 00:00 0 
7f6b0c61f000-7f6b0c622000 r-xp 00000000 08:01 4195429                    /lib/x86_64-linux-gnu/libdl-2.19.so
7f6b0c622000-7f6b0c821000 ---p 00003000 08:01 4195429                    /lib/x86_64-linux-gnu/libdl-2.19.so
7f6b0c821000-7f6b0c822000 r--p 00002000 08:01 4195429                    /lib/x86_64-linux-gnu/libdl-2.19.so
7f6b0c822000-7f6b0c823000 rw-p 00003000 08:01 4195429                    /lib/x86_64-linux-gnu/libdl-2.19.so
7f6b0c823000-7f6b0c838000 r-xp 00000000 08:01 2759873                    /usr/lib/jvm/java-8-oracle/lib/amd64/jli/libjli.so
7f6b0c838000-7f6b0ca37000 ---p 00015000 08:01 2759873                    /usr/lib/jvm/java-8-oracle/lib/amd64/jli/libjli.so
7f6b0ca37000-7f6b0ca38000 rw-p 00014000 08:01 2759873                    /usr/lib/jvm/java-8-oracle/lib/amd64/jli/libjli.so
7f6b0ca38000-7f6b0ca51000 r-xp 00000000 08:01 4195442                    /lib/x86_64-linux-gnu/libpthread-2.19.so
7f6b0ca51000-7f6b0cc50000 ---p 00019000 08:01 4195442                    /lib/x86_64-linux-gnu/libpthread-2.19.so
7f6b0cc50000-7f6b0cc51000 r--p 00018000 08:01 4195442                    /lib/x86_64-linux-gnu/libpthread-2.19.so
7f6b0cc51000-7f6b0cc52000 rw-p 00019000 08:01 4195442                    /lib/x86_64-linux-gnu/libpthread-2.19.so
7f6b0cc52000-7f6b0cc56000 rw-p 00000000 00:00 0 
7f6b0cc56000-7f6b0cc79000 r-xp 00000000 08:01 4195427                    /lib/x86_64-linux-gnu/ld-2.19.so
7f6b0cc79000-7f6b0cc7a000 r--s 00007000 08:01 9705494                    /home/scavedo/Documents/SOSA Eclipse/lib/ardor3d-awt-0.7.jar
7f6b0cc7a000-7f6b0cc7f000 r--s 002f8000 08:01 2760014                    /usr/lib/jvm/java-8-oracle/jre/lib/charsets.jar
7f6b0cc7f000-7f6b0cc83000 r--s 00094000 08:01 2760021                    /usr/lib/jvm/java-8-oracle/jre/lib/jsse.jar
7f6b0cc83000-7f6b0cc84000 r--s 00000000 08:01 2759980                    /usr/lib/jvm/java-8-oracle/jre/lib/management-agent.jar
7f6b0cc84000-7f6b0cd4f000 rw-p 00000000 00:00 0 
7f6b0cd4f000-7f6b0cd52000 ---p 00000000 00:00 0 
7f6b0cd52000-7f6b0ce54000 rw-p 00000000 00:00 0                          [stack:6952]
7f6b0ce54000-7f6b0ce59000 r--s 00084000 08:01 2759973                    /usr/lib/jvm/java-8-oracle/jre/lib/jfr.jar
7f6b0ce59000-7f6b0ce6c000 r--s 00344000 08:01 2760020                    /usr/lib/jvm/java-8-oracle/jre/lib/resources.jar
7f6b0ce6c000-7f6b0ce74000 rw-s 00000000 08:01 4194476                    /tmp/hsperfdata_scavedo/6951
7f6b0ce74000-7f6b0ce75000 rw-p 00000000 00:00 0 
7f6b0ce75000-7f6b0ce76000 r--p 00000000 00:00 0 
7f6b0ce76000-7f6b0ce78000 rw-p 00000000 00:00 0 
7f6b0ce78000-7f6b0ce79000 r--p 00022000 08:01 4195427                    /lib/x86_64-linux-gnu/ld-2.19.so
7f6b0ce79000-7f6b0ce7a000 rw-p 00023000 08:01 4195427                    /lib/x86_64-linux-gnu/ld-2.19.so
7f6b0ce7a000-7f6b0ce7b000 rw-p 00000000 00:00 0 
7fff5d6a3000-7fff5d6c5000 rw-p 00000000 00:00 0                          [stack]
7fff5d7fc000-7fff5d7fe000 r-xp 00000000 00:00 0                          [vdso]
7fff5d7fe000-7fff5d800000 r--p 00000000 00:00 0                          [vvar]
ffffffffff600000-ffffffffff601000 r-xp 00000000 00:00 0                  [vsyscall]

VM Arguments:
jvm_args: -Djava.library.path=lib/lwjgl-2.9.3/native/linux -Didea.launcher.port=7533 -Didea.launcher.bin.path=/opt/idea-IU-139.225.3/bin -Dfile.encoding=UTF-8 
java_command: com.intellij.rt.execution.application.AppMain edu.gsu.psych.sosa.main.SOSAMain
java_class_path (initial): /usr/lib/jvm/java-8-oracle/jre/lib/resources.jar:/usr/lib/jvm/java-8-oracle/jre/lib/rt.jar:/usr/lib/jvm/java-8-oracle/jre/lib/deploy.jar:/usr/lib/jvm/java-8-oracle/jre/lib/jfr.jar:/usr/lib/jvm/java-8-oracle/jre/lib/management-agent.jar:/usr/lib/jvm/java-8-oracle/jre/lib/jsse.jar:/usr/lib/jvm/java-8-oracle/jre/lib/charsets.jar:/usr/lib/jvm/java-8-oracle/jre/lib/jfxswt.jar:/usr/lib/jvm/java-8-oracle/jre/lib/plugin.jar:/usr/lib/jvm/java-8-oracle/jre/lib/javaws.jar:/usr/lib/jvm/java-8-oracle/jre/lib/jce.jar:/usr/lib/jvm/java-8-oracle/jre/lib/ext/sunpkcs11.jar:/usr/lib/jvm/java-8-oracle/jre/lib/ext/nashorn.jar:/usr/lib/jvm/java-8-oracle/jre/lib/ext/localedata.jar:/usr/lib/jvm/java-8-oracle/jre/lib/ext/zipfs.jar:/usr/lib/jvm/java-8-oracle/jre/lib/ext/sunjce_provider.jar:/usr/lib/jvm/java-8-oracle/jre/lib/ext/cldrdata.jar:/usr/lib/jvm/java-8-oracle/jre/lib/ext/jfxrt.jar:/usr/lib/jvm/java-8-oracle/jre/lib/ext/sunec.jar:/usr/lib/jvm/java-8-oracle/jre/lib/ext/dnsns.jar:/home/scavedo/Documents/SOSA Eclipse/bin:/home/scavedo/Documents/SOSA Eclipse/lib/swt/swt.jar:/home/scavedo/Documents/SOSA Eclipse/lib/ardor3d-awt-0.7.jar:/home/scavedo/Documents/SOSA Eclipse/lib/ardor3d-core-0.7.jar:/home/scavedo/Documents/SOSA Eclipse/lib/ardor3d-lwjgl-0.7.jar:/home/scavedo/Documents/SOSA Eclipse/lib/ardor3d-swt-0.7.jar:/home/scavedo/Documents/SOSA Eclipse/lib/lwjgl-2.9.3/jar/lwjgl.jar:/home/scavedo/Documents/SOSA Eclipse/lib/guava-18.0.jar:/opt/idea-IU-139.225.3/lib/idea_rt.jar
Launcher Type: SUN_STANDARD

Environment Variables:
CLASSPATH=/opt/idea-IU-139.225.3/bin/../lib/bootstrap.jar:/opt/idea-IU-139.225.3/bin/../lib/extensions.jar:/opt/idea-IU-139.225.3/bin/../lib/util.jar:/opt/idea-IU-139.225.3/bin/../lib/jdom.jar:/opt/idea-IU-139.225.3/bin/../lib/log4j.jar:/opt/idea-IU-139.225.3/bin/../lib/trove4j.jar:/opt/idea-IU-139.225.3/bin/../lib/jna.jar:/usr/lib/jvm/java-8-oracle/lib/tools.jar
PATH=/usr/local/sbin:/usr/local/bin:/usr/sbin:/usr/bin:/sbin:/bin:/usr/games:/usr/local/games
LD_LIBRARY_PATH=/opt/idea-IU-139.225.3/bin:
SHELL=/bin/bash
DISPLAY=:0

Signal Handlers:
SIGSEGV: [libjvm.so+0xa7a650], sa_mask[0]=11111111011111111101111111111110, sa_flags=SA_RESTART|SA_SIGINFO
SIGBUS: [libjvm.so+0xa7a650], sa_mask[0]=11111111011111111101111111111110, sa_flags=SA_RESTART|SA_SIGINFO
SIGFPE: [libjvm.so+0x8e28f0], sa_mask[0]=11111111011111111101111111111110, sa_flags=SA_RESTART|SA_SIGINFO
SIGPIPE: SIG_IGN, sa_mask[0]=00000000000010000000000000000000, sa_flags=SA_RESTART
SIGXFSZ: [libjvm.so+0x8e28f0], sa_mask[0]=11111111011111111101111111111110, sa_flags=SA_RESTART|SA_SIGINFO
SIGILL: [libjvm.so+0x8e28f0], sa_mask[0]=11111111011111111101111111111110, sa_flags=SA_RESTART|SA_SIGINFO
SIGUSR1: SIG_DFL, sa_mask[0]=00000000000000000000000000000000, sa_flags=none
SIGUSR2: [libjvm.so+0x8e4120], sa_mask[0]=00100000000000000000000000000000, sa_flags=SA_RESTART|SA_SIGINFO
SIGHUP: [libjvm.so+0x8e54e0], sa_mask[0]=11111111011111111101111111111110, sa_flags=SA_RESTART|SA_SIGINFO
SIGINT: [libjvm.so+0x8e54e0], sa_mask[0]=11111111011111111101111111111110, sa_flags=SA_RESTART|SA_SIGINFO
SIGTERM: [libjvm.so+0x8e54e0], sa_mask[0]=11111111011111111101111111111110, sa_flags=SA_RESTART|SA_SIGINFO
SIGQUIT: [libjvm.so+0x8e54e0], sa_mask[0]=11111111011111111101111111111110, sa_flags=SA_RESTART|SA_SIGINFO


---------------  S Y S T E M  ---------------

OS:DISTRIB_ID=Ubuntu
DISTRIB_RELEASE=14.10
DISTRIB_CODENAME=utopic
DISTRIB_DESCRIPTION="Ubuntu 14.10"

uname:Linux 3.16.0-30-generic #40-Ubuntu SMP Mon Jan 12 22:06:37 UTC 2015 x86_64
libc:glibc 2.19 NPTL 2.19 
rlimit: STACK 8192k, CORE 0k, NPROC 31389, NOFILE 4096, AS infinity
load average:1.33 0.98 0.80

/proc/meminfo:
MemTotal:        8058016 kB
MemFree:         3870168 kB
MemAvailable:    4863688 kB
Buffers:           72588 kB
Cached:          1309124 kB
SwapCached:         2048 kB
Active:          2987044 kB
Inactive:         931376 kB
Active(anon):    2361672 kB
Inactive(anon):   441340 kB
Active(file):     625372 kB
Inactive(file):   490036 kB
Unevictable:         368 kB
Mlocked:             368 kB
SwapTotal:       8268796 kB
SwapFree:        8225852 kB
Dirty:              9096 kB
Writeback:             0 kB
AnonPages:       2535016 kB
Mapped:           372740 kB
Shmem:            266308 kB
Slab:             131328 kB
SReclaimable:      94096 kB
SUnreclaim:        37232 kB
KernelStack:       11056 kB
PageTables:        39524 kB
NFS_Unstable:          0 kB
Bounce:                0 kB
WritebackTmp:          0 kB
CommitLimit:    12297804 kB
Committed_AS:    6989812 kB
VmallocTotal:   34359738367 kB
VmallocUsed:      359412 kB
VmallocChunk:   34359362876 kB
HardwareCorrupted:     0 kB
AnonHugePages:   1337344 kB
HugePages_Total:       0
HugePages_Free:        0
HugePages_Rsvd:        0
HugePages_Surp:        0
Hugepagesize:       2048 kB
DirectMap4k:       78348 kB
DirectMap2M:     8192000 kB


CPU:total 4 (2 cores per cpu, 2 threads per core) family 6 model 58 stepping 9, cmov, cx8, fxsr, mmx, sse, sse2, sse3, ssse3, sse4.1, sse4.2, popcnt, avx, aes, clmul, erms, ht, tsc, tscinvbit, tscinv

/proc/cpuinfo:
processor	: 0
vendor_id	: GenuineIntel
cpu family	: 6
model		: 58
model name	: Intel(R) Core(TM) i5-3230M CPU @ 2.60GHz
stepping	: 9
microcode	: 0x15
cpu MHz		: 2560.593
cache size	: 3072 KB
physical id	: 0
siblings	: 4
core id		: 0
cpu cores	: 2
apicid		: 0
initial apicid	: 0
fpu		: yes
fpu_exception	: yes
cpuid level	: 13
wp		: yes
flags		: fpu vme de pse tsc msr pae mce cx8 apic sep mtrr pge mca cmov pat pse36 clflush dts acpi mmx fxsr sse sse2 ss ht tm pbe syscall nx rdtscp lm constant_tsc arch_perfmon pebs bts rep_good nopl xtopology nonstop_tsc aperfmperf eagerfpu pni pclmulqdq dtes64 monitor ds_cpl vmx est tm2 ssse3 cx16 xtpr pdcm pcid sse4_1 sse4_2 x2apic popcnt tsc_deadline_timer aes xsave avx f16c rdrand lahf_lm ida arat epb xsaveopt pln pts dtherm tpr_shadow vnmi flexpriority ept vpid fsgsbase smep erms
bogomips	: 5183.05
clflush size	: 64
cache_alignment	: 64
address sizes	: 36 bits physical, 48 bits virtual
power management:

processor	: 1
vendor_id	: GenuineIntel
cpu family	: 6
model		: 58
model name	: Intel(R) Core(TM) i5-3230M CPU @ 2.60GHz
stepping	: 9
microcode	: 0x15
cpu MHz		: 3116.445
cache size	: 3072 KB
physical id	: 0
siblings	: 4
core id		: 1
cpu cores	: 2
apicid		: 2
initial apicid	: 2
fpu		: yes
fpu_exception	: yes
cpuid level	: 13
wp		: yes
flags		: fpu vme de pse tsc msr pae mce cx8 apic sep mtrr pge mca cmov pat pse36 clflush dts acpi mmx fxsr sse sse2 ss ht tm pbe syscall nx rdtscp lm constant_tsc arch_perfmon pebs bts rep_good nopl xtopology nonstop_tsc aperfmperf eagerfpu pni pclmulqdq dtes64 monitor ds_cpl vmx est tm2 ssse3 cx16 xtpr pdcm pcid sse4_1 sse4_2 x2apic popcnt tsc_deadline_timer aes xsave avx f16c rdrand lahf_lm ida arat epb xsaveopt pln pts dtherm tpr_shadow vnmi flexpriority ept vpid fsgsbase smep erms
bogomips	: 5183.05
clflush size	: 64
cache_alignment	: 64
address sizes	: 36 bits physical, 48 bits virtual
power management:

processor	: 2
vendor_id	: GenuineIntel
cpu family	: 6
model		: 58
model name	: Intel(R) Core(TM) i5-3230M CPU @ 2.60GHz
stepping	: 9
microcode	: 0x15
cpu MHz		: 2800.890
cache size	: 3072 KB
physical id	: 0
siblings	: 4
core id		: 0
cpu cores	: 2
apicid		: 1
initial apicid	: 1
fpu		: yes
fpu_exception	: yes
cpuid level	: 13
wp		: yes
flags		: fpu vme de pse tsc msr pae mce cx8 apic sep mtrr pge mca cmov pat pse36 clflush dts acpi mmx fxsr sse sse2 ss ht tm pbe syscall nx rdtscp lm constant_tsc arch_perfmon pebs bts rep_good nopl xtopology nonstop_tsc aperfmperf eagerfpu pni pclmulqdq dtes64 monitor ds_cpl vmx est tm2 ssse3 cx16 xtpr pdcm pcid sse4_1 sse4_2 x2apic popcnt tsc_deadline_timer aes xsave avx f16c rdrand lahf_lm ida arat epb xsaveopt pln pts dtherm tpr_shadow vnmi flexpriority ept vpid fsgsbase smep erms
bogomips	: 5183.05
clflush size	: 64
cache_alignment	: 64
address sizes	: 36 bits physical, 48 bits virtual
power management:

processor	: 3
vendor_id	: GenuineIntel
cpu family	: 6
model		: 58
model name	: Intel(R) Core(TM) i5-3230M CPU @ 2.60GHz
stepping	: 9
microcode	: 0x15
cpu MHz		: 2797.742
cache size	: 3072 KB
physical id	: 0
siblings	: 4
core id		: 1
cpu cores	: 2
apicid		: 3
initial apicid	: 3
fpu		: yes
fpu_exception	: yes
cpuid level	: 13
wp		: yes
flags		: fpu vme de pse tsc msr pae mce cx8 apic sep mtrr pge mca cmov pat pse36 clflush dts acpi mmx fxsr sse sse2 ss ht tm pbe syscall nx rdtscp lm constant_tsc arch_perfmon pebs bts rep_good nopl xtopology nonstop_tsc aperfmperf eagerfpu pni pclmulqdq dtes64 monitor ds_cpl vmx est tm2 ssse3 cx16 xtpr pdcm pcid sse4_1 sse4_2 x2apic popcnt tsc_deadline_timer aes xsave avx f16c rdrand lahf_lm ida arat epb xsaveopt pln pts dtherm tpr_shadow vnmi flexpriority ept vpid fsgsbase smep erms
bogomips	: 5183.05
clflush size	: 64
cache_alignment	: 64
address sizes	: 36 bits physical, 48 bits virtual
power management:



Memory: 4k page, physical 8058016k(3870168k free), swap 8268796k(8225852k free)

vm_info: Java HotSpot(TM) 64-Bit Server VM (25.31-b07) for linux-amd64 JRE (1.8.0_31-b13), built on Dec 17 2014 20:40:15 by "java_re" with gcc 4.3.0 20080428 (Red Hat 4.3.0-8)

time: Thu Feb 19 09:56:53 2015
elapsed time: 2 seconds (0d 0h 0m 2s)

